2024-08-18 15:33:07.924 [info] [main] Log level: Info
2024-08-18 15:33:07.924 [info] [main] Validating found git in: "git"
2024-08-18 15:33:07.924 [info] [main] Using git "2.46.0" from "git"
2024-08-18 15:33:07.924 [info] [Model][doInitialScan] Initial repository scan started
2024-08-18 15:33:07.924 [info] > git rev-parse --show-toplevel [3ms]
2024-08-18 15:33:07.924 [info] fatal: not a git repository (or any of the parent directories): .git
2024-08-18 15:33:07.924 [info] > git rev-parse --show-toplevel [7ms]
2024-08-18 15:33:07.924 [info] fatal: not a git repository (or any of the parent directories): .git
2024-08-18 15:33:07.928 [info] > git rev-parse --show-toplevel [1ms]
2024-08-18 15:33:07.928 [info] fatal: not a git repository (or any of the parent directories): .git
2024-08-18 15:33:07.931 [info] > git rev-parse --show-toplevel [0ms]
2024-08-18 15:33:07.931 [info] fatal: not a git repository (or any of the parent directories): .git
2024-08-18 15:33:07.934 [info] > git rev-parse --show-toplevel [0ms]
2024-08-18 15:33:07.934 [info] fatal: not a git repository (or any of the parent directories): .git
2024-08-18 15:33:07.937 [info] > git rev-parse --show-toplevel [1ms]
2024-08-18 15:33:07.937 [info] fatal: not a git repository (or any of the parent directories): .git
2024-08-18 15:33:07.940 [info] > git rev-parse --show-toplevel [1ms]
2024-08-18 15:33:07.940 [info] fatal: not a git repository (or any of the parent directories): .git
2024-08-18 15:33:07.942 [info] > git rev-parse --show-toplevel [0ms]
2024-08-18 15:33:07.942 [info] fatal: not a git repository (or any of the parent directories): .git
2024-08-18 15:33:07.945 [info] > git rev-parse --show-toplevel [1ms]
2024-08-18 15:33:07.945 [info] fatal: not a git repository (or any of the parent directories): .git
2024-08-18 15:33:07.948 [info] > git rev-parse --show-toplevel [1ms]
2024-08-18 15:33:07.948 [info] fatal: not a git repository (or any of the parent directories): .git
2024-08-18 15:33:07.950 [info] > git rev-parse --show-toplevel [0ms]
2024-08-18 15:33:07.950 [info] fatal: not a git repository (or any of the parent directories): .git
2024-08-18 15:33:07.953 [info] > git rev-parse --show-toplevel [1ms]
2024-08-18 15:33:07.956 [info] > git rev-parse --git-dir --git-common-dir [1ms]
2024-08-18 15:33:07.963 [info] [Model][openRepository] Opened repository: /home/qewa/yay-bin
2024-08-18 15:33:07.964 [info] [Model][doInitialScan] Initial repository scan completed - repositories (1), closed repositories (0), parent repositories (0), unsafe repositories (0)
2024-08-18 15:33:07.968 [info] > git config --get commit.template [1ms]
2024-08-18 15:33:07.973 [info] > git for-each-ref --format=%(refname)%00%(upstream:short)%00%(objectname)%00%(upstream:track)%00%(upstream:remotename)%00%(upstream:remoteref) refs/heads/master refs/remotes/master [2ms]
2024-08-18 15:33:07.975 [warning] [Git][revParse] Unable to read file: ENOENT: no such file or directory, open '/home/qewa/yay-bin/.git/refs/remotes/origin/master'
2024-08-18 15:33:07.976 [info] > git rev-parse refs/remotes/origin/master [1ms]
2024-08-18 15:33:07.979 [info] > git status -z -uall [1ms]
2024-08-18 15:33:07.990 [info] > git for-each-ref --format=%(refname)%00%(upstream:short)%00%(objectname)%00%(upstream:track)%00%(upstream:remotename)%00%(upstream:remoteref) refs/heads/master refs/remotes/master [7ms]
2024-08-18 15:33:07.993 [info] > git config --local branch.master.vscode-merge-base [1ms]
2024-08-18 15:33:07.996 [info] > git config --get commit.template [7ms]
2024-08-18 15:33:07.998 [info] > git for-each-ref --format=%(refname)%00%(upstream:short)%00%(objectname)%00%(upstream:track)%00%(upstream:remotename)%00%(upstream:remoteref) refs/heads/origin/master refs/remotes/origin/master [3ms]
2024-08-18 15:33:08.004 [info] > git merge-base refs/heads/master refs/remotes/origin/master [2ms]
2024-08-18 15:33:08.007 [info] > git for-each-ref --format=%(refname)%00%(upstream:short)%00%(objectname)%00%(upstream:track)%00%(upstream:remotename)%00%(upstream:remoteref) refs/heads/master refs/remotes/master [3ms]
2024-08-18 15:33:08.009 [warning] [Git][revParse] Unable to read file: ENOENT: no such file or directory, open '/home/qewa/yay-bin/.git/refs/remotes/origin/master'
2024-08-18 15:33:08.009 [info] > git rev-list --count --left-right refs/heads/master...refs/remotes/origin/master [3ms]
2024-08-18 15:33:08.012 [info] > git rev-parse refs/remotes/origin/master [4ms]
2024-08-18 15:33:08.014 [info] > git diff --name-status -z --diff-filter=ADMR 02b6d8096ff282f183b6b8c474581a0120c57b4a...refs/remotes/origin/master [3ms]
2024-08-18 15:33:08.015 [info] > git status -z -uall [1ms]
2024-08-18 15:33:08.019 [info] > git for-each-ref --format=%(refname)%00%(upstream:short)%00%(objectname)%00%(upstream:track)%00%(upstream:remotename)%00%(upstream:remoteref) refs/heads/master refs/remotes/master [1ms]
2024-08-18 15:33:08.022 [info] > git config --local branch.master.vscode-merge-base [1ms]
2024-08-18 15:33:08.025 [info] > git for-each-ref --format=%(refname)%00%(upstream:short)%00%(objectname)%00%(upstream:track)%00%(upstream:remotename)%00%(upstream:remoteref) refs/heads/origin/master refs/remotes/origin/master [1ms]
2024-08-18 15:33:08.478 [info] > git check-ignore -v -z --stdin [1ms]
2024-08-18 15:33:08.845 [info] > git rev-parse --show-toplevel [1ms]
2024-08-18 15:33:08.845 [info] fatal: not a git repository (or any of the parent directories): .git
