2024-08-20 20:16:29.556 [info] [main] Log level: Info
2024-08-20 20:16:29.556 [info] [main] Validating found git in: "git"
2024-08-20 20:16:29.556 [info] [main] Using git "2.46.0" from "git"
2024-08-20 20:16:29.556 [info] [Model][doInitialScan] Initial repository scan started
2024-08-20 20:16:29.556 [info] > git rev-parse --show-toplevel [5ms]
2024-08-20 20:16:29.556 [info] fatal: not a git repository (or any of the parent directories): .git
2024-08-20 20:16:29.561 [info] > git rev-parse --show-toplevel [0ms]
2024-08-20 20:16:29.561 [info] fatal: not a git repository (or any of the parent directories): .git
2024-08-20 20:16:29.564 [info] > git rev-parse --show-toplevel [0ms]
2024-08-20 20:16:29.564 [info] fatal: not a git repository (or any of the parent directories): .git
2024-08-20 20:16:29.567 [info] > git rev-parse --show-toplevel [0ms]
2024-08-20 20:16:29.567 [info] fatal: not a git repository (or any of the parent directories): .git
2024-08-20 20:16:29.570 [info] > git rev-parse --show-toplevel [1ms]
2024-08-20 20:16:29.570 [info] fatal: not a git repository (or any of the parent directories): .git
2024-08-20 20:16:29.572 [info] > git rev-parse --show-toplevel [1ms]
2024-08-20 20:16:29.572 [info] fatal: not a git repository (or any of the parent directories): .git
2024-08-20 20:16:29.574 [info] > git rev-parse --show-toplevel [0ms]
2024-08-20 20:16:29.574 [info] fatal: not a git repository (or any of the parent directories): .git
2024-08-20 20:16:29.577 [info] > git rev-parse --show-toplevel [1ms]
2024-08-20 20:16:29.577 [info] fatal: not a git repository (or any of the parent directories): .git
2024-08-20 20:16:29.579 [info] > git rev-parse --show-toplevel [1ms]
2024-08-20 20:16:29.579 [info] fatal: not a git repository (or any of the parent directories): .git
2024-08-20 20:16:29.581 [info] > git rev-parse --show-toplevel [0ms]
2024-08-20 20:16:29.582 [info] fatal: not a git repository (or any of the parent directories): .git
2024-08-20 20:16:29.584 [info] > git rev-parse --show-toplevel [1ms]
2024-08-20 20:16:29.584 [info] fatal: not a git repository (or any of the parent directories): .git
2024-08-20 20:16:29.586 [info] > git rev-parse --show-toplevel [1ms]
2024-08-20 20:16:29.586 [info] fatal: not a git repository (or any of the parent directories): .git
2024-08-20 20:16:29.606 [info] > git rev-parse --show-toplevel [18ms]
2024-08-20 20:16:29.609 [info] > git rev-parse --git-dir --git-common-dir [1ms]
2024-08-20 20:16:29.615 [info] [Model][openRepository] Opened repository: /home/qewa/yay-bin
2024-08-20 20:16:29.616 [info] [Model][doInitialScan] Initial repository scan completed - repositories (1), closed repositories (0), parent repositories (0), unsafe repositories (0)
2024-08-20 20:16:29.620 [info] > git config --get commit.template [1ms]
2024-08-20 20:16:29.672 [info] > git for-each-ref --format=%(refname)%00%(upstream:short)%00%(objectname)%00%(upstream:track)%00%(upstream:remotename)%00%(upstream:remoteref) refs/heads/master refs/remotes/master [49ms]
2024-08-20 20:16:29.675 [warning] [Git][revParse] Unable to read file: ENOENT: no such file or directory, open '/home/qewa/yay-bin/.git/refs/remotes/origin/master'
2024-08-20 20:16:29.675 [info] > git rev-parse refs/remotes/origin/master [0ms]
2024-08-20 20:16:29.693 [info] > git status -z -uall [15ms]
2024-08-20 20:16:29.703 [info] > git for-each-ref --format=%(refname)%00%(upstream:short)%00%(objectname)%00%(upstream:track)%00%(upstream:remotename)%00%(upstream:remoteref) refs/heads/master refs/remotes/master [6ms]
2024-08-20 20:16:29.706 [info] > git config --local branch.master.vscode-merge-base [0ms]
2024-08-20 20:16:29.709 [info] > git config --get commit.template [6ms]
2024-08-20 20:16:29.712 [info] > git for-each-ref --format=%(refname)%00%(upstream:short)%00%(objectname)%00%(upstream:track)%00%(upstream:remotename)%00%(upstream:remoteref) refs/heads/master refs/remotes/master [1ms]
2024-08-20 20:16:29.714 [warning] [Git][revParse] Unable to read file: ENOENT: no such file or directory, open '/home/qewa/yay-bin/.git/refs/remotes/origin/master'
2024-08-20 20:16:29.715 [info] > git rev-parse refs/remotes/origin/master [1ms]
2024-08-20 20:16:29.717 [info] > git status -z -uall [1ms]
2024-08-20 20:16:29.721 [info] > git for-each-ref --format=%(refname)%00%(upstream:short)%00%(objectname)%00%(upstream:track)%00%(upstream:remotename)%00%(upstream:remoteref) refs/heads/master refs/remotes/master [1ms]
2024-08-20 20:16:29.724 [info] > git config --local branch.master.vscode-merge-base [0ms]
2024-08-20 20:16:29.728 [info] > git for-each-ref --format=%(refname)%00%(upstream:short)%00%(objectname)%00%(upstream:track)%00%(upstream:remotename)%00%(upstream:remoteref) refs/heads/origin/master refs/remotes/origin/master [18ms]
2024-08-20 20:16:29.815 [info] > git for-each-ref --format=%(refname)%00%(upstream:short)%00%(objectname)%00%(upstream:track)%00%(upstream:remotename)%00%(upstream:remoteref) refs/heads/origin/master refs/remotes/origin/master [88ms]
2024-08-20 20:16:29.817 [info] > git merge-base refs/heads/master refs/remotes/origin/master [8ms]
2024-08-20 20:16:29.825 [info] > git rev-list --count --left-right refs/heads/master...refs/remotes/origin/master [2ms]
2024-08-20 20:16:29.834 [info] > git diff --name-status -z --diff-filter=ADMR 02b6d8096ff282f183b6b8c474581a0120c57b4a...refs/remotes/origin/master [2ms]
2024-08-20 20:16:31.974 [info] > git check-ignore -v -z --stdin [3ms]
2024-08-20 20:16:43.066 [info] > git rev-parse --show-toplevel [1ms]
2024-08-20 20:16:43.066 [info] fatal: not a git repository (or any of the parent directories): .git
2024-08-20 20:28:34.746 [info] > git rev-parse --show-toplevel [3ms]
2024-08-20 20:28:34.752 [info] > git rev-parse --git-dir --git-common-dir [1ms]
2024-08-20 20:28:34.756 [info] [Model][openRepository] Opened repository: /home/qewa/.cache/yay/asusctl
2024-08-20 20:28:34.762 [info] > git config --get commit.template [1ms]
2024-08-20 20:28:34.766 [info] > git for-each-ref --format=%(refname)%00%(upstream:short)%00%(objectname)%00%(upstream:track)%00%(upstream:remotename)%00%(upstream:remoteref) refs/heads/master refs/remotes/master [1ms]
2024-08-20 20:28:34.768 [warning] [Git][revParse] Unable to read file: ENOENT: no such file or directory, open '/home/qewa/.cache/yay/asusctl/.git/refs/remotes/origin/master'
2024-08-20 20:28:34.769 [info] > git rev-parse refs/remotes/origin/master [1ms]
2024-08-20 20:28:34.773 [info] > git status -z -uall [2ms]
2024-08-20 20:28:34.780 [info] > git for-each-ref --format=%(refname)%00%(upstream:short)%00%(objectname)%00%(upstream:track)%00%(upstream:remotename)%00%(upstream:remoteref) refs/heads/master refs/remotes/master [4ms]
2024-08-20 20:28:34.785 [info] > git config --local branch.master.vscode-merge-base [2ms]
2024-08-20 20:28:34.786 [warning] [Git][config] git config failed: Failed to execute git
2024-08-20 20:28:34.791 [info] > git config --get commit.template [6ms]
2024-08-20 20:28:34.791 [info] > git for-each-ref --format=%(refname)%00%(upstream:short)%00%(objectname)%00%(upstream:track)%00%(upstream:remotename)%00%(upstream:remoteref) refs/heads/master refs/remotes/master [1ms]
2024-08-20 20:28:34.794 [warning] [Git][revParse] Unable to read file: ENOENT: no such file or directory, open '/home/qewa/.cache/yay/asusctl/.git/refs/remotes/origin/master'
2024-08-20 20:28:34.794 [info] > git rev-parse refs/remotes/origin/master [1ms]
2024-08-20 20:28:34.797 [info] > git status -z -uall [1ms]
2024-08-20 20:28:34.802 [info] > git for-each-ref --format=%(refname)%00%(upstream:short)%00%(objectname)%00%(upstream:track)%00%(upstream:remotename)%00%(upstream:remoteref) refs/heads/master refs/remotes/master [2ms]
2024-08-20 20:28:34.805 [info] > git reflog master --grep-reflog=branch: Created from *. [17ms]
2024-08-20 20:28:34.808 [info] > git config --local branch.master.vscode-merge-base [4ms]
2024-08-20 20:28:34.808 [warning] [Git][config] git config failed: Failed to execute git
2024-08-20 20:28:34.812 [info] > git symbolic-ref --short refs/remotes/origin/HEAD [5ms]
2024-08-20 20:28:34.816 [info] > git reflog master --grep-reflog=branch: Created from *. [4ms]
2024-08-20 20:28:34.820 [info] > git for-each-ref --format=%(refname)%00%(upstream:short)%00%(objectname)%00%(upstream:track)%00%(upstream:remotename)%00%(upstream:remoteref) refs/heads/origin/master refs/remotes/origin/master [3ms]
2024-08-20 20:28:34.824 [info] > git symbolic-ref --short refs/remotes/origin/HEAD [5ms]
2024-08-20 20:28:34.828 [info] > git for-each-ref --format=%(refname)%00%(upstream:short)%00%(objectname)%00%(upstream:track)%00%(upstream:remotename)%00%(upstream:remoteref) refs/heads/origin/master refs/remotes/origin/master [1ms]
2024-08-20 20:28:34.831 [info] > git config --local branch.master.vscode-merge-base origin/master [8ms]
2024-08-20 20:28:34.838 [info] > git config --local branch.master.vscode-merge-base origin/master [7ms]
2024-08-20 20:28:34.841 [info] > git config --get commit.template [3ms]
2024-08-20 20:28:34.844 [info] > git config --get commit.template [3ms]
2024-08-20 20:28:34.846 [info] > git for-each-ref --format=%(refname)%00%(upstream:short)%00%(objectname)%00%(upstream:track)%00%(upstream:remotename)%00%(upstream:remoteref) refs/heads/master refs/remotes/master [3ms]
2024-08-20 20:28:34.848 [warning] [Git][revParse] Unable to read file: ENOENT: no such file or directory, open '/home/qewa/.cache/yay/asusctl/.git/refs/remotes/origin/master'
2024-08-20 20:28:34.848 [info] > git for-each-ref --format=%(refname)%00%(upstream:short)%00%(objectname)%00%(upstream:track)%00%(upstream:remotename)%00%(upstream:remoteref) refs/heads/master refs/remotes/master [2ms]
2024-08-20 20:28:34.850 [warning] [Git][revParse] Unable to read file: ENOENT: no such file or directory, open '/home/qewa/.cache/yay/asusctl/.git/refs/remotes/origin/master'
2024-08-20 20:28:34.850 [info] > git rev-parse refs/remotes/origin/master [2ms]
2024-08-20 20:28:34.863 [info] > git merge-base refs/heads/master refs/remotes/origin/master [9ms]
2024-08-20 20:28:34.866 [info] > git rev-parse refs/remotes/origin/master [15ms]
2024-08-20 20:28:34.868 [info] > git rev-list --count --left-right refs/heads/master...refs/remotes/origin/master [3ms]
2024-08-20 20:28:34.870 [info] > git status -z -uall [3ms]
2024-08-20 20:28:34.874 [info] > git for-each-ref --format=%(refname)%00%(upstream:short)%00%(objectname)%00%(upstream:track)%00%(upstream:remotename)%00%(upstream:remoteref) refs/heads/master refs/remotes/master [1ms]
2024-08-20 20:28:34.877 [info] > git diff --name-status -z --diff-filter=ADMR b74b98bd7bc469a07e22f9b87e07e8a48e42545a...refs/remotes/origin/master [7ms]
2024-08-20 20:28:34.877 [info] > git config --local branch.master.vscode-merge-base [0ms]
2024-08-20 20:28:34.881 [info] > git for-each-ref --format=%(refname)%00%(upstream:short)%00%(objectname)%00%(upstream:track)%00%(upstream:remotename)%00%(upstream:remoteref) refs/heads/origin/master refs/remotes/origin/master [1ms]
2024-08-20 20:28:35.344 [info] > git check-ignore -v -z --stdin [2ms]
2024-08-20 20:28:36.024 [info] > git config --get commit.template [3ms]
2024-08-20 20:28:36.028 [info] > git for-each-ref --format=%(refname)%00%(upstream:short)%00%(objectname)%00%(upstream:track)%00%(upstream:remotename)%00%(upstream:remoteref) refs/heads/master refs/remotes/master [0ms]
2024-08-20 20:28:36.032 [warning] [Git][revParse] Unable to read file: ENOENT: no such file or directory, open '/home/qewa/.cache/yay/asusctl/.git/refs/remotes/origin/master'
2024-08-20 20:28:36.034 [info] > git rev-parse refs/remotes/origin/master [2ms]
2024-08-20 20:28:36.041 [info] > git status -z -uall [2ms]
2024-08-20 20:28:36.049 [info] > git for-each-ref --format=%(refname)%00%(upstream:short)%00%(objectname)%00%(upstream:track)%00%(upstream:remotename)%00%(upstream:remoteref) refs/heads/master refs/remotes/master [2ms]
2024-08-20 20:28:36.054 [info] > git config --local branch.master.vscode-merge-base [1ms]
2024-08-20 20:28:36.057 [info] > git for-each-ref --format=%(refname)%00%(upstream:short)%00%(objectname)%00%(upstream:track)%00%(upstream:remotename)%00%(upstream:remoteref) refs/heads/origin/master refs/remotes/origin/master [1ms]
2024-08-20 20:28:41.058 [info] > git config --get commit.template [1ms]
2024-08-20 20:28:41.064 [info] > git for-each-ref --format=%(refname)%00%(upstream:short)%00%(objectname)%00%(upstream:track)%00%(upstream:remotename)%00%(upstream:remoteref) refs/heads/master refs/remotes/master [3ms]
2024-08-20 20:28:41.070 [warning] [Git][revParse] Unable to read file: ENOENT: no such file or directory, open '/home/qewa/.cache/yay/asusctl/.git/refs/remotes/origin/master'
2024-08-20 20:28:41.072 [info] > git rev-parse refs/remotes/origin/master [3ms]
2024-08-20 20:28:41.080 [info] > git status -z -uall [3ms]
2024-08-20 20:28:41.088 [info] > git for-each-ref --format=%(refname)%00%(upstream:short)%00%(objectname)%00%(upstream:track)%00%(upstream:remotename)%00%(upstream:remoteref) refs/heads/master refs/remotes/master [2ms]
2024-08-20 20:28:41.091 [info] > git config --local branch.master.vscode-merge-base [1ms]
2024-08-20 20:28:41.094 [info] > git for-each-ref --format=%(refname)%00%(upstream:short)%00%(objectname)%00%(upstream:track)%00%(upstream:remotename)%00%(upstream:remoteref) refs/heads/origin/master refs/remotes/origin/master [1ms]
2024-08-20 20:28:46.094 [info] > git config --get commit.template [3ms]
2024-08-20 20:28:46.664 [info] > git for-each-ref --format=%(refname)%00%(upstream:short)%00%(objectname)%00%(upstream:track)%00%(upstream:remotename)%00%(upstream:remoteref) refs/heads/master refs/remotes/master [569ms]
2024-08-20 20:28:46.669 [warning] [Git][revParse] Unable to read file: ENOENT: no such file or directory, open '/home/qewa/.cache/yay/asusctl/.git/refs/remotes/origin/master'
2024-08-20 20:28:46.670 [info] > git rev-parse refs/remotes/origin/master [1ms]
2024-08-20 20:28:46.673 [info] > git status -z -uall [1ms]
2024-08-20 20:28:46.682 [info] > git for-each-ref --format=%(refname)%00%(upstream:short)%00%(objectname)%00%(upstream:track)%00%(upstream:remotename)%00%(upstream:remoteref) refs/heads/master refs/remotes/master [2ms]
2024-08-20 20:28:46.688 [info] > git config --local branch.master.vscode-merge-base [2ms]
2024-08-20 20:28:46.692 [info] > git for-each-ref --format=%(refname)%00%(upstream:short)%00%(objectname)%00%(upstream:track)%00%(upstream:remotename)%00%(upstream:remoteref) refs/heads/origin/master refs/remotes/origin/master [1ms]
2024-08-20 20:28:51.693 [info] > git config --get commit.template [1ms]
2024-08-20 20:28:51.696 [info] > git for-each-ref --format=%(refname)%00%(upstream:short)%00%(objectname)%00%(upstream:track)%00%(upstream:remotename)%00%(upstream:remoteref) refs/heads/master refs/remotes/master [0ms]
2024-08-20 20:28:51.702 [warning] [Git][revParse] Unable to read file: ENOENT: no such file or directory, open '/home/qewa/.cache/yay/asusctl/.git/refs/remotes/origin/master'
2024-08-20 20:28:51.703 [info] > git rev-parse refs/remotes/origin/master [1ms]
2024-08-20 20:28:51.712 [info] > git status -z -uall [3ms]
2024-08-20 20:28:51.721 [info] > git for-each-ref --format=%(refname)%00%(upstream:short)%00%(objectname)%00%(upstream:track)%00%(upstream:remotename)%00%(upstream:remoteref) refs/heads/master refs/remotes/master [2ms]
2024-08-20 20:28:51.728 [info] > git config --local branch.master.vscode-merge-base [2ms]
2024-08-20 20:28:51.732 [info] > git for-each-ref --format=%(refname)%00%(upstream:short)%00%(objectname)%00%(upstream:track)%00%(upstream:remotename)%00%(upstream:remoteref) refs/heads/origin/master refs/remotes/origin/master [1ms]
2024-08-20 20:30:09.229 [info] > git config --get commit.template [1ms]
2024-08-20 20:30:09.236 [info] > git for-each-ref --format=%(refname)%00%(upstream:short)%00%(objectname)%00%(upstream:track)%00%(upstream:remotename)%00%(upstream:remoteref) refs/heads/master refs/remotes/master [2ms]
2024-08-20 20:30:09.242 [warning] [Git][revParse] Unable to read file: ENOENT: no such file or directory, open '/home/qewa/.cache/yay/asusctl/.git/refs/remotes/origin/master'
2024-08-20 20:30:09.244 [info] > git rev-parse refs/remotes/origin/master [2ms]
2024-08-20 20:30:09.253 [info] > git status -z -uall [3ms]
2024-08-20 20:30:09.264 [info] > git for-each-ref --format=%(refname)%00%(upstream:short)%00%(objectname)%00%(upstream:track)%00%(upstream:remotename)%00%(upstream:remoteref) refs/heads/master refs/remotes/master [4ms]
2024-08-20 20:30:09.269 [info] > git config --local branch.master.vscode-merge-base [1ms]
2024-08-20 20:30:09.273 [info] > git for-each-ref --format=%(refname)%00%(upstream:short)%00%(objectname)%00%(upstream:track)%00%(upstream:remotename)%00%(upstream:remoteref) refs/heads/origin/master refs/remotes/origin/master [1ms]
2024-08-20 20:30:14.273 [info] > git config --get commit.template [3ms]
2024-08-20 20:30:14.274 [info] > git for-each-ref --format=%(refname)%00%(upstream:short)%00%(objectname)%00%(upstream:track)%00%(upstream:remotename)%00%(upstream:remoteref) refs/heads/master refs/remotes/master [2ms]
2024-08-20 20:30:14.280 [warning] [Git][revParse] Unable to read file: ENOENT: no such file or directory, open '/home/qewa/.cache/yay/asusctl/.git/refs/remotes/origin/master'
2024-08-20 20:30:14.282 [info] > git rev-parse refs/remotes/origin/master [2ms]
2024-08-20 20:30:14.464 [info] > git status -z -uall [176ms]
2024-08-20 20:30:14.473 [info] > git for-each-ref --format=%(refname)%00%(upstream:short)%00%(objectname)%00%(upstream:track)%00%(upstream:remotename)%00%(upstream:remoteref) refs/heads/master refs/remotes/master [1ms]
2024-08-20 20:30:14.477 [info] > git config --local branch.master.vscode-merge-base [0ms]
2024-08-20 20:30:14.480 [info] > git for-each-ref --format=%(refname)%00%(upstream:short)%00%(objectname)%00%(upstream:track)%00%(upstream:remotename)%00%(upstream:remoteref) refs/heads/origin/master refs/remotes/origin/master [0ms]
2024-08-20 20:30:22.150 [info] > git config --get commit.template [2ms]
2024-08-20 20:30:22.151 [info] > git for-each-ref --format=%(refname)%00%(upstream:short)%00%(objectname)%00%(upstream:track)%00%(upstream:remotename)%00%(upstream:remoteref) refs/heads/master refs/remotes/master [1ms]
2024-08-20 20:30:22.157 [warning] [Git][revParse] Unable to read file: ENOENT: no such file or directory, open '/home/qewa/.cache/yay/asusctl/.git/refs/remotes/origin/master'
2024-08-20 20:30:22.159 [info] > git rev-parse refs/remotes/origin/master [2ms]
2024-08-20 20:30:24.026 [info] > git status -z -uall [1862ms]
2024-08-20 20:30:24.033 [info] > git for-each-ref --format=%(refname)%00%(upstream:short)%00%(objectname)%00%(upstream:track)%00%(upstream:remotename)%00%(upstream:remoteref) refs/heads/master refs/remotes/master [1ms]
2024-08-20 20:30:24.041 [info] > git config --local branch.master.vscode-merge-base [2ms]
2024-08-20 20:30:24.049 [info] > git for-each-ref --format=%(refname)%00%(upstream:short)%00%(objectname)%00%(upstream:track)%00%(upstream:remotename)%00%(upstream:remoteref) refs/heads/origin/master refs/remotes/origin/master [2ms]
2024-08-20 20:30:32.567 [info] > git config --get commit.template [0ms]
2024-08-20 20:30:32.573 [info] > git for-each-ref --format=%(refname)%00%(upstream:short)%00%(objectname)%00%(upstream:track)%00%(upstream:remotename)%00%(upstream:remoteref) refs/heads/master refs/remotes/master [3ms]
2024-08-20 20:30:32.579 [warning] [Git][revParse] Unable to read file: ENOENT: no such file or directory, open '/home/qewa/.cache/yay/asusctl/.git/refs/remotes/origin/master'
2024-08-20 20:30:32.581 [info] > git rev-parse refs/remotes/origin/master [2ms]
2024-08-20 20:30:32.591 [info] > git status -z -uall [4ms]
2024-08-20 20:30:32.599 [info] > git for-each-ref --format=%(refname)%00%(upstream:short)%00%(objectname)%00%(upstream:track)%00%(upstream:remotename)%00%(upstream:remoteref) refs/heads/master refs/remotes/master [3ms]
2024-08-20 20:30:32.606 [info] > git config --local branch.master.vscode-merge-base [3ms]
2024-08-20 20:30:32.610 [info] > git for-each-ref --format=%(refname)%00%(upstream:short)%00%(objectname)%00%(upstream:track)%00%(upstream:remotename)%00%(upstream:remoteref) refs/heads/origin/master refs/remotes/origin/master [1ms]
2024-08-20 20:30:37.609 [info] > git config --get commit.template [1ms]
2024-08-20 20:30:37.613 [info] > git for-each-ref --format=%(refname)%00%(upstream:short)%00%(objectname)%00%(upstream:track)%00%(upstream:remotename)%00%(upstream:remoteref) refs/heads/master refs/remotes/master [2ms]
2024-08-20 20:30:37.619 [warning] [Git][revParse] Unable to read file: ENOENT: no such file or directory, open '/home/qewa/.cache/yay/asusctl/.git/refs/remotes/origin/master'
2024-08-20 20:30:37.649 [info] > git rev-parse refs/remotes/origin/master [30ms]
2024-08-20 20:30:37.662 [info] > git status -z -uall [6ms]
2024-08-20 20:30:37.675 [info] > git for-each-ref --format=%(refname)%00%(upstream:short)%00%(objectname)%00%(upstream:track)%00%(upstream:remotename)%00%(upstream:remoteref) refs/heads/master refs/remotes/master [6ms]
2024-08-20 20:30:37.680 [info] > git config --local branch.master.vscode-merge-base [2ms]
2024-08-20 20:30:37.684 [info] > git for-each-ref --format=%(refname)%00%(upstream:short)%00%(objectname)%00%(upstream:track)%00%(upstream:remotename)%00%(upstream:remoteref) refs/heads/origin/master refs/remotes/origin/master [1ms]
2024-08-20 20:30:42.679 [info] > git config --get commit.template [1ms]
2024-08-20 20:30:42.682 [info] > git for-each-ref --format=%(refname)%00%(upstream:short)%00%(objectname)%00%(upstream:track)%00%(upstream:remotename)%00%(upstream:remoteref) refs/heads/master refs/remotes/master [1ms]
2024-08-20 20:30:42.684 [warning] [Git][revParse] Unable to read file: ENOENT: no such file or directory, open '/home/qewa/.cache/yay/asusctl/.git/refs/remotes/origin/master'
2024-08-20 20:30:42.685 [info] > git rev-parse refs/remotes/origin/master [1ms]
2024-08-20 20:30:42.726 [info] > git status -z -uall [39ms] (cancelled)
