2024-08-18 15:37:04.312 [info] [main] Log level: Info
2024-08-18 15:37:04.312 [info] [main] Validating found git in: "git"
2024-08-18 15:37:04.312 [info] [main] Using git "2.46.0" from "git"
2024-08-18 15:37:04.312 [info] [Model][doInitialScan] Initial repository scan started
2024-08-18 15:37:04.312 [info] > git rev-parse --show-toplevel [5ms]
2024-08-18 15:37:04.312 [info] fatal: not a git repository (or any of the parent directories): .git
2024-08-18 15:37:04.312 [info] > git rev-parse --show-toplevel [9ms]
2024-08-18 15:37:04.312 [info] fatal: not a git repository (or any of the parent directories): .git
2024-08-18 15:37:04.316 [info] > git rev-parse --show-toplevel [0ms]
2024-08-18 15:37:04.316 [info] fatal: not a git repository (or any of the parent directories): .git
2024-08-18 15:37:04.318 [info] > git rev-parse --show-toplevel [0ms]
2024-08-18 15:37:04.318 [info] fatal: not a git repository (or any of the parent directories): .git
2024-08-18 15:37:04.321 [info] > git rev-parse --show-toplevel [1ms]
2024-08-18 15:37:04.321 [info] fatal: not a git repository (or any of the parent directories): .git
2024-08-18 15:37:04.323 [info] > git rev-parse --show-toplevel [0ms]
2024-08-18 15:37:04.323 [info] fatal: not a git repository (or any of the parent directories): .git
2024-08-18 15:37:04.326 [info] > git rev-parse --show-toplevel [1ms]
2024-08-18 15:37:04.326 [info] fatal: not a git repository (or any of the parent directories): .git
2024-08-18 15:37:04.328 [info] > git rev-parse --show-toplevel [0ms]
2024-08-18 15:37:04.328 [info] fatal: not a git repository (or any of the parent directories): .git
2024-08-18 15:37:04.331 [info] > git rev-parse --show-toplevel [1ms]
2024-08-18 15:37:04.331 [info] fatal: not a git repository (or any of the parent directories): .git
2024-08-18 15:37:04.333 [info] > git rev-parse --show-toplevel [0ms]
2024-08-18 15:37:04.333 [info] fatal: not a git repository (or any of the parent directories): .git
2024-08-18 15:37:04.336 [info] > git rev-parse --show-toplevel [1ms]
2024-08-18 15:37:04.336 [info] fatal: not a git repository (or any of the parent directories): .git
2024-08-18 15:37:04.338 [info] > git rev-parse --show-toplevel [1ms]
2024-08-18 15:37:04.341 [info] > git rev-parse --git-dir --git-common-dir [1ms]
2024-08-18 15:37:04.349 [info] [Model][openRepository] Opened repository: /home/qewa/yay-bin
2024-08-18 15:37:04.350 [info] [Model][doInitialScan] Initial repository scan completed - repositories (1), closed repositories (0), parent repositories (0), unsafe repositories (0)
2024-08-18 15:37:04.354 [info] > git config --get commit.template [1ms]
2024-08-18 15:37:04.359 [info] > git for-each-ref --format=%(refname)%00%(upstream:short)%00%(objectname)%00%(upstream:track)%00%(upstream:remotename)%00%(upstream:remoteref) refs/heads/master refs/remotes/master [0ms]
2024-08-18 15:37:04.361 [warning] [Git][revParse] Unable to read file: ENOENT: no such file or directory, open '/home/qewa/yay-bin/.git/refs/remotes/origin/master'
2024-08-18 15:37:04.363 [info] > git rev-parse refs/remotes/origin/master [2ms]
2024-08-18 15:37:04.367 [info] > git status -z -uall [1ms]
2024-08-18 15:37:04.381 [info] > git for-each-ref --format=%(refname)%00%(upstream:short)%00%(objectname)%00%(upstream:track)%00%(upstream:remotename)%00%(upstream:remoteref) refs/heads/master refs/remotes/master [11ms]
2024-08-18 15:37:04.446 [info] > git config --local branch.master.vscode-merge-base [1ms]
2024-08-18 15:37:04.450 [info] > git config --get commit.template [71ms]
2024-08-18 15:37:04.451 [info] > git for-each-ref --format=%(refname)%00%(upstream:short)%00%(objectname)%00%(upstream:track)%00%(upstream:remotename)%00%(upstream:remoteref) refs/heads/origin/master refs/remotes/origin/master [2ms]
2024-08-18 15:37:04.461 [info] > git merge-base refs/heads/master refs/remotes/origin/master [5ms]
2024-08-18 15:37:04.465 [info] > git for-each-ref --format=%(refname)%00%(upstream:short)%00%(objectname)%00%(upstream:track)%00%(upstream:remotename)%00%(upstream:remoteref) refs/heads/master refs/remotes/master [5ms]
2024-08-18 15:37:04.468 [warning] [Git][revParse] Unable to read file: ENOENT: no such file or directory, open '/home/qewa/yay-bin/.git/refs/remotes/origin/master'
2024-08-18 15:37:04.468 [info] > git rev-list --count --left-right refs/heads/master...refs/remotes/origin/master [4ms]
2024-08-18 15:37:04.472 [info] > git rev-parse refs/remotes/origin/master [4ms]
2024-08-18 15:37:04.549 [info] > git diff --name-status -z --diff-filter=ADMR 02b6d8096ff282f183b6b8c474581a0120c57b4a...refs/remotes/origin/master [78ms]
2024-08-18 15:37:04.551 [info] > git status -z -uall [4ms]
2024-08-18 15:37:04.562 [info] > git for-each-ref --format=%(refname)%00%(upstream:short)%00%(objectname)%00%(upstream:track)%00%(upstream:remotename)%00%(upstream:remoteref) refs/heads/master refs/remotes/master [3ms]
2024-08-18 15:37:04.568 [info] > git config --local branch.master.vscode-merge-base [1ms]
2024-08-18 15:37:04.574 [info] > git for-each-ref --format=%(refname)%00%(upstream:short)%00%(objectname)%00%(upstream:track)%00%(upstream:remotename)%00%(upstream:remoteref) refs/heads/origin/master refs/remotes/origin/master [1ms]
2024-08-18 15:37:04.866 [info] > git check-ignore -v -z --stdin [1ms]
2024-08-18 15:37:05.122 [info] > git rev-parse --show-toplevel [1ms]
2024-08-18 15:37:05.122 [info] fatal: not a git repository (or any of the parent directories): .git
