2024-09-06 14:54:31.288 [info] [main] Log level: Info
2024-09-06 14:54:31.288 [info] [main] Validating found git in: "git"
2024-09-06 14:54:31.524 [info] [main] Using git "2.46.0" from "git"
2024-09-06 14:54:31.524 [info] [Model][doInitialScan] Initial repository scan started
2024-09-06 14:54:31.550 [info] > git rev-parse --show-toplevel [19ms]
2024-09-06 14:54:31.550 [info] fatal: not a git repository (or any of the parent directories): .git
2024-09-06 14:54:31.696 [info] > git rev-parse --show-toplevel [5ms]
2024-09-06 14:54:31.696 [info] fatal: not a git repository (or any of the parent directories): .git
2024-09-06 14:54:31.696 [info] [Model][doInitialScan] Initial repository scan completed - repositories (0), closed repositories (0), parent repositories (0), unsafe repositories (0)
2024-09-06 14:54:31.702 [info] > git rev-parse --show-toplevel [2ms]
2024-09-06 14:54:31.702 [info] fatal: not a git repository (or any of the parent directories): .git
2024-09-06 14:54:32.240 [info] > git rev-parse --show-toplevel [0ms]
2024-09-06 14:54:32.240 [info] fatal: not a git repository (or any of the parent directories): .git
2024-09-06 15:10:15.347 [info] > git rev-parse --show-toplevel [1ms]
2024-09-06 15:10:15.347 [info] fatal: not a git repository (or any of the parent directories): .git
2024-09-06 15:10:23.224 [info] > git rev-parse --show-toplevel [2ms]
2024-09-06 15:10:23.224 [info] fatal: not a git repository (or any of the parent directories): .git
2024-09-06 15:26:04.034 [info] > git rev-parse --show-toplevel [2ms]
2024-09-06 15:26:04.034 [info] fatal: not a git repository (or any of the parent directories): .git
2024-09-06 15:31:14.429 [info] > git rev-parse --show-toplevel [3ms]
2024-09-06 15:31:14.429 [info] fatal: not a git repository (or any of the parent directories): .git
2024-09-06 15:31:15.205 [info] > git rev-parse --show-toplevel [1ms]
2024-09-06 15:31:15.205 [info] fatal: not a git repository (or any of the parent directories): .git
2024-09-06 15:31:29.877 [info] > git rev-parse --show-toplevel [1ms]
2024-09-06 15:31:29.877 [info] fatal: not a git repository (or any of the parent directories): .git
2024-09-06 15:41:33.574 [info] > git rev-parse --show-toplevel [2ms]
2024-09-06 15:41:33.574 [info] fatal: not a git repository (or any of the parent directories): .git
2024-09-06 16:04:07.625 [info] > git rev-parse --show-toplevel [1ms]
2024-09-06 16:04:07.625 [info] fatal: not a git repository (or any of the parent directories): .git
