2024-10-17 16:12:49.776 [info] [main] Log level: Info
2024-10-17 16:12:49.776 [info] [main] Validating found git in: "git"
2024-10-17 16:12:49.776 [info] [main] Using git "2.47.0" from "git"
2024-10-17 16:12:49.776 [info] [Model][doInitialScan] Initial repository scan started
2024-10-17 16:12:49.776 [info] > git rev-parse --show-toplevel [6ms]
2024-10-17 16:12:49.776 [info] fatal: not a git repository (or any of the parent directories): .git
2024-10-17 16:12:49.776 [info] > git rev-parse --show-toplevel [27ms]
2024-10-17 16:12:49.776 [info] fatal: not a git repository (or any of the parent directories): .git
2024-10-17 16:12:49.776 [info] [Model][doInitialScan] Initial repository scan completed - repositories (0), closed repositories (0), parent repositories (0), unsafe repositories (0)
2024-10-17 16:12:49.793 [info] > git rev-parse --show-toplevel [19ms]
2024-10-17 16:12:49.793 [info] fatal: not a git repository (or any of the parent directories): .git
2024-10-17 16:12:49.798 [info] > git rev-parse --show-toplevel [1ms]
2024-10-17 16:12:49.798 [info] fatal: not a git repository (or any of the parent directories): .git
2024-10-17 16:12:50.324 [info] > git rev-parse --show-toplevel [2ms]
2024-10-17 16:12:50.324 [info] fatal: not a git repository (or any of the parent directories): .git
2024-10-17 16:12:50.881 [info] > git rev-parse --show-toplevel [2ms]
2024-10-17 16:12:50.881 [info] fatal: not a git repository (or any of the parent directories): .git
2024-10-17 16:13:14.475 [info] > git rev-parse --show-toplevel [2ms]
2024-10-17 16:13:14.475 [info] fatal: not a git repository (or any of the parent directories): .git
2024-10-17 16:14:51.495 [info] > git rev-parse --show-toplevel [1ms]
2024-10-17 16:14:51.495 [info] fatal: not a git repository (or any of the parent directories): .git
2024-10-17 16:15:12.074 [info] > git rev-parse --show-toplevel [2ms]
2024-10-17 16:15:12.074 [info] fatal: not a git repository (or any of the parent directories): .git
2024-10-17 16:15:35.380 [info] [main] Log level: Info
2024-10-17 16:15:35.380 [info] [main] Validating found git in: "git"
2024-10-17 16:15:35.380 [info] [main] Using git "2.47.0" from "git"
2024-10-17 16:15:35.380 [info] [Model][doInitialScan] Initial repository scan started
2024-10-17 16:15:35.380 [info] > git rev-parse --show-toplevel [4ms]
2024-10-17 16:15:35.380 [info] fatal: not a git repository (or any of the parent directories): .git
2024-10-17 16:15:35.380 [info] [Model][doInitialScan] Initial repository scan completed - repositories (0), closed repositories (0), parent repositories (0), unsafe repositories (0)
2024-10-17 16:15:37.172 [info] > git rev-parse --show-toplevel [1ms]
2024-10-17 16:15:37.172 [info] fatal: not a git repository (or any of the parent directories): .git
2024-10-17 16:15:44.620 [info] > git rev-parse --show-toplevel [1ms]
2024-10-17 16:15:44.620 [info] fatal: not a git repository (or any of the parent directories): .git
2024-10-17 16:15:45.674 [info] > git rev-parse --show-toplevel [1ms]
2024-10-17 16:15:45.674 [info] fatal: not a git repository (or any of the parent directories): .git
2024-10-17 16:15:47.391 [info] > git rev-parse --show-toplevel [2ms]
2024-10-17 16:15:47.391 [info] fatal: not a git repository (or any of the parent directories): .git
2024-10-17 16:17:31.695 [info] > git rev-parse --show-toplevel [1ms]
2024-10-17 16:17:31.695 [info] fatal: not a git repository (or any of the parent directories): .git
2024-10-17 16:17:45.341 [info] > git rev-parse --show-toplevel [1ms]
2024-10-17 16:17:45.341 [info] fatal: not a git repository (or any of the parent directories): .git
2024-10-17 16:18:08.975 [info] > git rev-parse --show-toplevel [1ms]
2024-10-17 16:18:08.975 [info] fatal: not a git repository (or any of the parent directories): .git
2024-10-17 16:33:26.040 [info] > git rev-parse --show-toplevel [2ms]
2024-10-17 16:33:26.040 [info] fatal: not a git repository (or any of the parent directories): .git
2024-10-17 16:33:34.212 [info] > git rev-parse --show-toplevel [2ms]
2024-10-17 16:33:34.212 [info] fatal: not a git repository (or any of the parent directories): .git
2024-10-17 16:35:06.413 [info] > git rev-parse --show-toplevel [1ms]
2024-10-17 16:35:06.413 [info] fatal: not a git repository (or any of the parent directories): .git
2024-10-17 16:35:53.491 [info] > git rev-parse --show-toplevel [1ms]
2024-10-17 16:35:53.491 [info] fatal: not a git repository (or any of the parent directories): .git
2024-10-17 16:36:03.715 [info] > git rev-parse --show-toplevel [1ms]
2024-10-17 16:36:03.715 [info] fatal: not a git repository (or any of the parent directories): .git
2024-10-17 16:36:04.533 [info] > git rev-parse --show-toplevel [1ms]
2024-10-17 16:36:04.533 [info] fatal: not a git repository (or any of the parent directories): .git
2024-10-17 16:36:06.240 [info] > git rev-parse --show-toplevel [1ms]
2024-10-17 16:36:06.240 [info] fatal: not a git repository (or any of the parent directories): .git
2024-10-17 16:36:06.747 [info] > git rev-parse --show-toplevel [2ms]
2024-10-17 16:36:06.747 [info] fatal: not a git repository (or any of the parent directories): .git
2024-10-17 16:36:07.596 [info] > git rev-parse --show-toplevel [1ms]
2024-10-17 16:36:07.596 [info] fatal: not a git repository (or any of the parent directories): .git
2024-10-17 16:36:10.182 [info] > git rev-parse --show-toplevel [1ms]
2024-10-17 16:36:10.182 [info] fatal: not a git repository (or any of the parent directories): .git
2024-10-17 16:36:20.820 [info] > git rev-parse --show-toplevel [0ms]
2024-10-17 16:36:20.820 [info] fatal: not a git repository (or any of the parent directories): .git
2024-10-17 16:36:22.041 [info] > git rev-parse --show-toplevel [1ms]
2024-10-17 16:36:22.041 [info] fatal: not a git repository (or any of the parent directories): .git
2024-10-17 16:36:23.008 [info] > git rev-parse --show-toplevel [1ms]
2024-10-17 16:36:23.008 [info] fatal: not a git repository (or any of the parent directories): .git
2024-10-17 16:36:23.711 [info] > git rev-parse --show-toplevel [1ms]
2024-10-17 16:36:23.711 [info] fatal: not a git repository (or any of the parent directories): .git
2024-10-17 16:36:33.275 [info] > git rev-parse --show-toplevel [1ms]
2024-10-17 16:36:33.275 [info] fatal: not a git repository (or any of the parent directories): .git
2024-10-17 16:36:33.736 [info] > git rev-parse --show-toplevel [1ms]
2024-10-17 16:36:33.736 [info] fatal: not a git repository (or any of the parent directories): .git
2024-10-17 16:36:51.173 [info] > git rev-parse --show-toplevel [1ms]
2024-10-17 16:36:51.173 [info] fatal: not a git repository (or any of the parent directories): .git
2024-10-17 16:36:54.424 [info] > git rev-parse --show-toplevel [1ms]
2024-10-17 16:36:54.424 [info] fatal: not a git repository (or any of the parent directories): .git
2024-10-17 16:37:01.419 [info] > git rev-parse --show-toplevel [1ms]
2024-10-17 16:37:01.419 [info] fatal: not a git repository (or any of the parent directories): .git
2024-10-17 16:37:02.198 [info] > git rev-parse --show-toplevel [1ms]
2024-10-17 16:37:02.198 [info] fatal: not a git repository (or any of the parent directories): .git
2024-10-17 16:37:20.162 [info] > git rev-parse --show-toplevel [2ms]
2024-10-17 16:37:20.162 [info] fatal: not a git repository (or any of the parent directories): .git
2024-10-17 16:37:20.879 [info] > git rev-parse --show-toplevel [1ms]
2024-10-17 16:37:20.879 [info] fatal: not a git repository (or any of the parent directories): .git
2024-10-17 16:37:47.299 [info] > git rev-parse --show-toplevel [1ms]
2024-10-17 16:37:47.299 [info] fatal: not a git repository (or any of the parent directories): .git
2024-10-17 16:37:48.506 [info] > git rev-parse --show-toplevel [1ms]
2024-10-17 16:37:48.506 [info] fatal: not a git repository (or any of the parent directories): .git
2024-10-17 16:37:51.147 [info] > git rev-parse --show-toplevel [1ms]
2024-10-17 16:37:51.147 [info] fatal: not a git repository (or any of the parent directories): .git
2024-10-17 16:37:58.572 [info] > git rev-parse --show-toplevel [1ms]
2024-10-17 16:37:58.573 [info] fatal: not a git repository (or any of the parent directories): .git
2024-10-17 16:43:39.229 [info] > git rev-parse --show-toplevel [1ms]
2024-10-17 16:43:39.230 [info] fatal: not a git repository (or any of the parent directories): .git
2024-10-17 16:43:44.219 [info] > git rev-parse --show-toplevel [1ms]
2024-10-17 16:43:44.219 [info] fatal: not a git repository (or any of the parent directories): .git
2024-10-17 16:43:45.378 [info] > git rev-parse --show-toplevel [1ms]
2024-10-17 16:43:45.378 [info] fatal: not a git repository (or any of the parent directories): .git
2024-10-17 16:43:46.798 [info] > git rev-parse --show-toplevel [1ms]
2024-10-17 16:43:46.798 [info] fatal: not a git repository (or any of the parent directories): .git
2024-10-17 16:43:48.336 [info] > git rev-parse --show-toplevel [1ms]
2024-10-17 16:43:48.336 [info] fatal: not a git repository (or any of the parent directories): .git
2024-10-17 16:43:50.367 [info] > git rev-parse --show-toplevel [1ms]
2024-10-17 16:43:50.367 [info] fatal: not a git repository (or any of the parent directories): .git
2024-10-17 16:43:53.838 [info] > git rev-parse --show-toplevel [2ms]
2024-10-17 16:43:53.838 [info] fatal: not a git repository (or any of the parent directories): .git
2024-10-17 16:43:54.955 [info] > git rev-parse --show-toplevel [1ms]
2024-10-17 16:43:54.955 [info] fatal: not a git repository (or any of the parent directories): .git
2024-10-17 16:44:24.107 [info] > git rev-parse --show-toplevel [2ms]
2024-10-17 16:44:24.107 [info] fatal: not a git repository (or any of the parent directories): .git
2024-10-17 16:45:11.125 [info] > git rev-parse --show-toplevel [0ms]
2024-10-17 16:45:11.125 [info] fatal: not a git repository (or any of the parent directories): .git
2024-10-17 16:47:17.161 [info] > git rev-parse --show-toplevel [2ms]
2024-10-17 16:47:17.161 [info] fatal: not a git repository (or any of the parent directories): .git
2024-10-17 16:48:11.256 [info] > git rev-parse --show-toplevel [1ms]
2024-10-17 16:48:11.256 [info] fatal: not a git repository (or any of the parent directories): .git
2024-10-17 16:49:35.814 [info] > git rev-parse --show-toplevel [1ms]
2024-10-17 16:49:35.814 [info] fatal: not a git repository (or any of the parent directories): .git
2024-10-17 16:49:38.739 [info] > git rev-parse --show-toplevel [1ms]
2024-10-17 16:49:38.740 [info] fatal: not a git repository (or any of the parent directories): .git
2024-10-17 16:49:40.976 [info] > git rev-parse --show-toplevel [1ms]
2024-10-17 16:49:40.976 [info] fatal: not a git repository (or any of the parent directories): .git
2024-10-17 16:50:16.780 [info] > git rev-parse --show-toplevel [1ms]
2024-10-17 16:50:16.780 [info] fatal: not a git repository (or any of the parent directories): .git
2024-10-17 16:50:21.374 [info] > git rev-parse --show-toplevel [1ms]
2024-10-17 16:50:21.374 [info] fatal: not a git repository (or any of the parent directories): .git
2024-10-17 16:50:21.972 [info] > git rev-parse --show-toplevel [1ms]
2024-10-17 16:50:21.972 [info] fatal: not a git repository (or any of the parent directories): .git
2024-10-17 16:51:01.878 [info] > git rev-parse --show-toplevel [1ms]
2024-10-17 16:51:01.878 [info] fatal: not a git repository (or any of the parent directories): .git
2024-10-17 16:52:03.313 [info] > git rev-parse --show-toplevel [1ms]
2024-10-17 16:52:03.313 [info] fatal: not a git repository (or any of the parent directories): .git
