2024-08-18 19:15:13.977 [info] [main] Log level: Info
2024-08-18 19:15:13.977 [info] [main] Validating found git in: "git"
2024-08-18 19:15:14.137 [info] [main] Using git "2.46.0" from "git"
2024-08-18 19:15:14.137 [info] [Model][doInitialScan] Initial repository scan started
2024-08-18 19:15:14.197 [info] > git rev-parse --show-toplevel [50ms]
2024-08-18 19:15:14.197 [info] fatal: not a git repository (or any of the parent directories): .git
2024-08-18 19:15:14.202 [info] > git rev-parse --show-toplevel [1ms]
2024-08-18 19:15:14.202 [info] fatal: not a git repository (or any of the parent directories): .git
2024-08-18 19:15:14.209 [info] > git rev-parse --show-toplevel [0ms]
2024-08-18 19:15:14.209 [info] fatal: not a git repository (or any of the parent directories): .git
2024-08-18 19:15:14.211 [info] > git rev-parse --show-toplevel [1ms]
2024-08-18 19:15:14.211 [info] fatal: not a git repository (or any of the parent directories): .git
2024-08-18 19:15:14.214 [info] > git rev-parse --show-toplevel [1ms]
2024-08-18 19:15:14.214 [info] fatal: not a git repository (or any of the parent directories): .git
2024-08-18 19:15:14.217 [info] > git rev-parse --show-toplevel [0ms]
2024-08-18 19:15:14.217 [info] fatal: not a git repository (or any of the parent directories): .git
2024-08-18 19:15:14.219 [info] > git rev-parse --show-toplevel [0ms]
2024-08-18 19:15:14.219 [info] fatal: not a git repository (or any of the parent directories): .git
2024-08-18 19:15:14.222 [info] > git rev-parse --show-toplevel [1ms]
2024-08-18 19:15:14.222 [info] fatal: not a git repository (or any of the parent directories): .git
2024-08-18 19:15:14.224 [info] > git rev-parse --show-toplevel [0ms]
2024-08-18 19:15:14.224 [info] fatal: not a git repository (or any of the parent directories): .git
2024-08-18 19:15:14.227 [info] > git rev-parse --show-toplevel [1ms]
2024-08-18 19:15:14.227 [info] fatal: not a git repository (or any of the parent directories): .git
2024-08-18 19:15:14.230 [info] > git rev-parse --show-toplevel [1ms]
2024-08-18 19:15:14.230 [info] fatal: not a git repository (or any of the parent directories): .git
2024-08-18 19:15:14.246 [info] > git rev-parse --show-toplevel [14ms]
2024-08-18 19:15:14.250 [info] > git rev-parse --git-dir --git-common-dir [1ms]
2024-08-18 19:15:14.256 [info] [Model][openRepository] Opened repository: /home/qewa/yay-bin
2024-08-18 19:15:14.257 [info] [Model][doInitialScan] Initial repository scan completed - repositories (1), closed repositories (0), parent repositories (0), unsafe repositories (0)
2024-08-18 19:15:14.268 [info] > git config --get commit.template [7ms]
2024-08-18 19:15:14.331 [info] > git for-each-ref --format=%(refname)%00%(upstream:short)%00%(objectname)%00%(upstream:track)%00%(upstream:remotename)%00%(upstream:remoteref) refs/heads/master refs/remotes/master [68ms]
2024-08-18 19:15:14.334 [warning] [Git][revParse] Unable to read file: ENOENT: no such file or directory, open '/home/qewa/yay-bin/.git/refs/remotes/origin/master'
2024-08-18 19:15:14.334 [info] > git rev-parse refs/remotes/origin/master [0ms]
2024-08-18 19:15:14.389 [info] > git status -z -uall [53ms]
2024-08-18 19:15:14.400 [info] > git for-each-ref --format=%(refname)%00%(upstream:short)%00%(objectname)%00%(upstream:track)%00%(upstream:remotename)%00%(upstream:remoteref) refs/heads/master refs/remotes/master [8ms]
2024-08-18 19:15:14.403 [info] > git config --get commit.template [3ms]
2024-08-18 19:15:14.404 [info] > git config --local branch.master.vscode-merge-base [1ms]
2024-08-18 19:15:14.409 [info] > git for-each-ref --format=%(refname)%00%(upstream:short)%00%(objectname)%00%(upstream:track)%00%(upstream:remotename)%00%(upstream:remoteref) refs/heads/master refs/remotes/master [1ms]
2024-08-18 19:15:14.409 [info] > git for-each-ref --format=%(refname)%00%(upstream:short)%00%(objectname)%00%(upstream:track)%00%(upstream:remotename)%00%(upstream:remoteref) refs/heads/origin/master refs/remotes/origin/master [3ms]
2024-08-18 19:15:14.413 [warning] [Git][revParse] Unable to read file: ENOENT: no such file or directory, open '/home/qewa/yay-bin/.git/refs/remotes/origin/master'
2024-08-18 19:15:14.414 [info] > git rev-parse refs/remotes/origin/master [1ms]
2024-08-18 19:15:14.417 [info] > git status -z -uall [1ms]
2024-08-18 19:15:14.421 [info] > git for-each-ref --format=%(refname)%00%(upstream:short)%00%(objectname)%00%(upstream:track)%00%(upstream:remotename)%00%(upstream:remoteref) refs/heads/master refs/remotes/master [1ms]
2024-08-18 19:15:14.423 [info] > git merge-base refs/heads/master refs/remotes/origin/master [12ms]
2024-08-18 19:15:14.426 [info] > git config --local branch.master.vscode-merge-base [3ms]
2024-08-18 19:15:14.428 [info] > git rev-list --count --left-right refs/heads/master...refs/remotes/origin/master [3ms]
2024-08-18 19:15:14.431 [info] > git for-each-ref --format=%(refname)%00%(upstream:short)%00%(objectname)%00%(upstream:track)%00%(upstream:remotename)%00%(upstream:remoteref) refs/heads/origin/master refs/remotes/origin/master [3ms]
2024-08-18 19:15:14.431 [info] > git diff --name-status -z --diff-filter=ADMR 02b6d8096ff282f183b6b8c474581a0120c57b4a...refs/remotes/origin/master [1ms]
2024-08-18 19:15:14.639 [info] > git rev-parse --show-toplevel [1ms]
2024-08-18 19:15:14.639 [info] fatal: not a git repository (or any of the parent directories): .git
2024-08-18 19:15:14.768 [info] > git check-ignore -v -z --stdin [1ms]
