2024-08-19 19:26:38.877 [info] [main] Log level: Info
2024-08-19 19:26:38.877 [info] [main] Validating found git in: "git"
2024-08-19 19:26:39.024 [info] [main] Using git "2.46.0" from "git"
2024-08-19 19:26:39.024 [info] [Model][doInitialScan] Initial repository scan started
2024-08-19 19:26:39.086 [info] > git rev-parse --show-toplevel [53ms]
2024-08-19 19:26:39.086 [info] fatal: not a git repository (or any of the parent directories): .git
2024-08-19 19:26:39.092 [info] > git rev-parse --show-toplevel [1ms]
2024-08-19 19:26:39.092 [info] fatal: not a git repository (or any of the parent directories): .git
2024-08-19 19:26:39.101 [info] > git rev-parse --show-toplevel [1ms]
2024-08-19 19:26:39.101 [info] fatal: not a git repository (or any of the parent directories): .git
2024-08-19 19:26:39.103 [info] > git rev-parse --show-toplevel [0ms]
2024-08-19 19:26:39.103 [info] fatal: not a git repository (or any of the parent directories): .git
2024-08-19 19:26:39.106 [info] > git rev-parse --show-toplevel [1ms]
2024-08-19 19:26:39.106 [info] fatal: not a git repository (or any of the parent directories): .git
2024-08-19 19:26:39.108 [info] > git rev-parse --show-toplevel [1ms]
2024-08-19 19:26:39.108 [info] fatal: not a git repository (or any of the parent directories): .git
2024-08-19 19:26:39.111 [info] > git rev-parse --show-toplevel [1ms]
2024-08-19 19:26:39.111 [info] fatal: not a git repository (or any of the parent directories): .git
2024-08-19 19:26:39.113 [info] > git rev-parse --show-toplevel [1ms]
2024-08-19 19:26:39.113 [info] fatal: not a git repository (or any of the parent directories): .git
2024-08-19 19:26:39.116 [info] > git rev-parse --show-toplevel [1ms]
2024-08-19 19:26:39.116 [info] fatal: not a git repository (or any of the parent directories): .git
2024-08-19 19:26:39.119 [info] > git rev-parse --show-toplevel [1ms]
2024-08-19 19:26:39.119 [info] fatal: not a git repository (or any of the parent directories): .git
2024-08-19 19:26:39.121 [info] > git rev-parse --show-toplevel [1ms]
2024-08-19 19:26:39.121 [info] fatal: not a git repository (or any of the parent directories): .git
2024-08-19 19:26:39.123 [info] > git rev-parse --show-toplevel [0ms]
2024-08-19 19:26:39.123 [info] fatal: not a git repository (or any of the parent directories): .git
2024-08-19 19:26:39.126 [info] > git rev-parse --show-toplevel [1ms]
2024-08-19 19:26:39.126 [info] fatal: not a git repository (or any of the parent directories): .git
2024-08-19 19:26:39.145 [info] > git rev-parse --show-toplevel [18ms]
2024-08-19 19:26:39.148 [info] > git rev-parse --git-dir --git-common-dir [1ms]
2024-08-19 19:26:39.156 [info] [Model][openRepository] Opened repository: /home/qewa/yay-bin
2024-08-19 19:26:39.157 [info] [Model][doInitialScan] Initial repository scan completed - repositories (1), closed repositories (0), parent repositories (0), unsafe repositories (0)
2024-08-19 19:26:39.168 [info] > git config --get commit.template [7ms]
2024-08-19 19:26:39.274 [info] > git for-each-ref --format=%(refname)%00%(upstream:short)%00%(objectname)%00%(upstream:track)%00%(upstream:remotename)%00%(upstream:remoteref) refs/heads/master refs/remotes/master [110ms]
2024-08-19 19:26:39.276 [warning] [Git][revParse] Unable to read file: ENOENT: no such file or directory, open '/home/qewa/yay-bin/.git/refs/remotes/origin/master'
2024-08-19 19:26:39.277 [info] > git rev-parse refs/remotes/origin/master [1ms]
2024-08-19 19:26:39.355 [info] > git status -z -uall [76ms]
2024-08-19 19:26:39.368 [info] > git for-each-ref --format=%(refname)%00%(upstream:short)%00%(objectname)%00%(upstream:track)%00%(upstream:remotename)%00%(upstream:remoteref) refs/heads/master refs/remotes/master [9ms]
2024-08-19 19:26:39.371 [info] > git config --get commit.template [4ms]
2024-08-19 19:26:39.372 [info] > git config --local branch.master.vscode-merge-base [2ms]
2024-08-19 19:26:39.376 [info] > git for-each-ref --format=%(refname)%00%(upstream:short)%00%(objectname)%00%(upstream:track)%00%(upstream:remotename)%00%(upstream:remoteref) refs/heads/origin/master refs/remotes/origin/master [2ms]
2024-08-19 19:26:39.379 [info] > git for-each-ref --format=%(refname)%00%(upstream:short)%00%(objectname)%00%(upstream:track)%00%(upstream:remotename)%00%(upstream:remoteref) refs/heads/master refs/remotes/master [3ms]
2024-08-19 19:26:39.381 [warning] [Git][revParse] Unable to read file: ENOENT: no such file or directory, open '/home/qewa/yay-bin/.git/refs/remotes/origin/master'
2024-08-19 19:26:39.382 [info] > git rev-parse refs/remotes/origin/master [1ms]
2024-08-19 19:26:39.384 [info] > git status -z -uall [0ms]
2024-08-19 19:26:39.388 [info] > git for-each-ref --format=%(refname)%00%(upstream:short)%00%(objectname)%00%(upstream:track)%00%(upstream:remotename)%00%(upstream:remoteref) refs/heads/master refs/remotes/master [1ms]
2024-08-19 19:26:39.390 [info] > git config --local branch.master.vscode-merge-base [0ms]
2024-08-19 19:26:39.393 [info] > git merge-base refs/heads/master refs/remotes/origin/master [14ms]
2024-08-19 19:26:39.395 [info] > git for-each-ref --format=%(refname)%00%(upstream:short)%00%(objectname)%00%(upstream:track)%00%(upstream:remotename)%00%(upstream:remoteref) refs/heads/origin/master refs/remotes/origin/master [3ms]
2024-08-19 19:26:39.396 [info] > git rev-list --count --left-right refs/heads/master...refs/remotes/origin/master [1ms]
2024-08-19 19:26:39.399 [info] > git diff --name-status -z --diff-filter=ADMR 02b6d8096ff282f183b6b8c474581a0120c57b4a...refs/remotes/origin/master [1ms]
2024-08-19 19:26:39.670 [info] > git check-ignore -v -z --stdin [1ms]
2024-08-19 19:26:40.593 [info] > git rev-parse --show-toplevel [1ms]
2024-08-19 19:26:40.593 [info] fatal: not a git repository (or any of the parent directories): .git
