2024-10-17 16:12:48.397 [info] Started local extension host with pid 22363.
2024-10-17 16:12:48.931 [error] Extension 'ms-vscode.cpptools CANNOT USE these API proposals 'terminalDataWriteEvent'. You MUST start in extension development mode or use the --enable-proposed-api command line flag
2024-10-17 16:12:51.357 [info] [perf] Render performance baseline is 21ms
2024-10-17 16:15:34.688 [info] Started local extension host with pid 22778.
2024-10-17 16:15:34.910 [error] Extension 'ms-vscode.cpptools CANNOT USE these API proposals 'terminalDataWriteEvent'. You MUST start in extension development mode or use the --enable-proposed-api command line flag
2024-10-17 16:15:37.349 [info] [perf] Render performance baseline is 22ms
2024-10-17 16:47:34.568 [error] There are no commenting ranges at the current position (with range).: Error: There are no commenting ranges at the current position (with range).
    at Nv.addCommentAtLine (vscode-file://vscode-app/usr/lib/code/out/vs/workbench/workbench.desktop.main.js:648:2564)
    at Nv.addOrToggleCommentAtLine (vscode-file://vscode-app/usr/lib/code/out/vs/workbench/workbench.desktop.main.js:648:2102)
    at Nv.db (vscode-file://vscode-app/usr/lib/code/out/vs/workbench/workbench.desktop.main.js:648:1751)
    at NQ.value (vscode-file://vscode-app/usr/lib/code/out/vs/workbench/workbench.desktop.main.js:647:21197)
    at jf.B (vscode-file://vscode-app/usr/lib/code/out/vs/workbench/workbench.desktop.main.js:30:733)
    at jf.C (vscode-file://vscode-app/usr/lib/code/out/vs/workbench/workbench.desktop.main.js:30:803)
    at jf.fire (vscode-file://vscode-app/usr/lib/code/out/vs/workbench/workbench.desktop.main.js:30:1020)
    at jf.fire (vscode-file://vscode-app/usr/lib/code/out/vs/workbench/workbench.desktop.main.js:263:19570)
    at s.onMouseUp (vscode-file://vscode-app/usr/lib/code/out/vs/workbench/workbench.desktop.main.js:263:17539)
    at Rri.emitMouseUp (vscode-file://vscode-app/usr/lib/code/out/vs/workbench/workbench.desktop.main.js:135:17522)
    at u1i.emitMouseUp (vscode-file://vscode-app/usr/lib/code/out/vs/workbench/workbench.desktop.main.js:135:7872)
    at c1i.F (vscode-file://vscode-app/usr/lib/code/out/vs/workbench/workbench.desktop.main.js:132:43966)
    at vscode-file://vscode-app/usr/lib/code/out/vs/workbench/workbench.desktop.main.js:132:41702
    at HTMLDivElement.<anonymous> (vscode-file://vscode-app/usr/lib/code/out/vs/workbench/workbench.desktop.main.js:66:24673)
