2024-10-17 16:12:48.262 [info] Added views:outline in workbench.view.explorer
2024-10-17 16:12:48.262 [info] Added views:workbench.view.search in workbench.view.search
2024-10-17 16:12:48.262 [info] Added views:workbench.scm in workbench.view.scm
2024-10-17 16:12:48.262 [info] Added views:workbench.panel.markers.view in workbench.panel.markers
2024-10-17 16:12:48.262 [info] Added views:workbench.panel.output in workbench.panel.output
2024-10-17 16:12:48.262 [info] Added views:terminal in terminal
2024-10-17 16:12:48.262 [info] Added views:timeline in workbench.view.explorer
2024-10-17 16:12:48.262 [info] Added views:workbench.explorer.fileView in workbench.view.explorer
2024-10-17 16:12:48.424 [info] Added views:workbench.debug.welcome in workbench.view.debug
2024-10-17 16:12:49.187 [info] Added views:workbench.panel.repl.view in workbench.panel.repl
2024-10-17 16:12:49.596 [info] Added views:~remote.forwardedPorts in ~remote.forwardedPortsContainer
2024-10-17 16:12:57.798 [info] Showing view workbench.explorer.openEditorsView in the container workbench.view.explorer
2024-10-17 16:12:57.803 [info] Added views:workbench.explorer.openEditorsView in workbench.view.explorer
2024-10-17 16:15:34.657 [info] Added views:outline in workbench.view.explorer
2024-10-17 16:15:34.657 [info] Added views:workbench.view.search in workbench.view.search
2024-10-17 16:15:34.657 [info] Added views:workbench.scm in workbench.view.scm
2024-10-17 16:15:34.657 [info] Added views:workbench.panel.markers.view in workbench.panel.markers
2024-10-17 16:15:34.657 [info] Added views:workbench.panel.output in workbench.panel.output
2024-10-17 16:15:34.657 [info] Added views:terminal in terminal
2024-10-17 16:15:34.657 [info] Added views:timeline in workbench.view.explorer
2024-10-17 16:15:34.657 [info] Added views:workbench.explorer.openEditorsView,workbench.explorer.fileView in workbench.view.explorer
2024-10-17 16:15:35.002 [info] Added views:workbench.debug.variablesView,workbench.debug.watchExpressionsView,workbench.debug.callStackView,workbench.debug.breakPointsView in workbench.view.debug
2024-10-17 16:15:35.033 [info] Added views:~remote.forwardedPorts in ~remote.forwardedPortsContainer
2024-10-17 16:15:35.162 [info] Added views:workbench.panel.repl.view in workbench.panel.repl
2024-10-17 16:15:35.163 [info] Removed views:workbench.debug.breakPointsView,workbench.debug.callStackView,workbench.debug.watchExpressionsView,workbench.debug.variablesView from workbench.view.debug
2024-10-17 16:15:35.163 [info] Added views:workbench.debug.welcome in workbench.view.debug
