2024-08-18 19:28:14.853 [info] [main] Log level: Info
2024-08-18 19:28:14.853 [info] [main] Validating found git in: "git"
2024-08-18 19:28:14.853 [info] [main] Using git "2.46.0" from "git"
2024-08-18 19:28:14.853 [info] [Model][doInitialScan] Initial repository scan started
2024-08-18 19:28:14.853 [info] > git rev-parse --show-toplevel [20ms]
2024-08-18 19:28:14.853 [info] fatal: not a git repository (or any of the parent directories): .git
2024-08-18 19:28:14.853 [info] > git rev-parse --show-toplevel [2ms]
2024-08-18 19:28:14.853 [info] fatal: not a git repository (or any of the parent directories): .git
2024-08-18 19:28:14.857 [info] > git rev-parse --show-toplevel [1ms]
2024-08-18 19:28:14.857 [info] fatal: not a git repository (or any of the parent directories): .git
2024-08-18 19:28:14.860 [info] > git rev-parse --show-toplevel [1ms]
2024-08-18 19:28:14.860 [info] fatal: not a git repository (or any of the parent directories): .git
2024-08-18 19:28:14.863 [info] > git rev-parse --show-toplevel [1ms]
2024-08-18 19:28:14.863 [info] fatal: not a git repository (or any of the parent directories): .git
2024-08-18 19:28:14.866 [info] > git rev-parse --show-toplevel [1ms]
2024-08-18 19:28:14.866 [info] fatal: not a git repository (or any of the parent directories): .git
2024-08-18 19:28:14.868 [info] > git rev-parse --show-toplevel [0ms]
2024-08-18 19:28:14.868 [info] fatal: not a git repository (or any of the parent directories): .git
2024-08-18 19:28:14.871 [info] > git rev-parse --show-toplevel [1ms]
2024-08-18 19:28:14.871 [info] fatal: not a git repository (or any of the parent directories): .git
2024-08-18 19:28:14.874 [info] > git rev-parse --show-toplevel [1ms]
2024-08-18 19:28:14.874 [info] fatal: not a git repository (or any of the parent directories): .git
2024-08-18 19:28:14.878 [info] > git rev-parse --show-toplevel [2ms]
2024-08-18 19:28:14.878 [info] fatal: not a git repository (or any of the parent directories): .git
2024-08-18 19:28:14.881 [info] > git rev-parse --show-toplevel [0ms]
2024-08-18 19:28:14.881 [info] fatal: not a git repository (or any of the parent directories): .git
2024-08-18 19:28:14.884 [info] > git rev-parse --show-toplevel [1ms]
2024-08-18 19:28:14.887 [info] > git rev-parse --git-dir --git-common-dir [1ms]
2024-08-18 19:28:14.893 [info] [Model][openRepository] Opened repository: /home/qewa/yay-bin
2024-08-18 19:28:14.894 [info] [Model][doInitialScan] Initial repository scan completed - repositories (1), closed repositories (0), parent repositories (0), unsafe repositories (0)
2024-08-18 19:28:14.900 [info] > git config --get commit.template [3ms]
2024-08-18 19:28:14.901 [info] > git for-each-ref --format=%(refname)%00%(upstream:short)%00%(objectname)%00%(upstream:track)%00%(upstream:remotename)%00%(upstream:remoteref) refs/heads/master refs/remotes/master [2ms]
2024-08-18 19:28:14.903 [warning] [Git][revParse] Unable to read file: ENOENT: no such file or directory, open '/home/qewa/yay-bin/.git/refs/remotes/origin/master'
2024-08-18 19:28:14.904 [info] > git rev-parse refs/remotes/origin/master [1ms]
2024-08-18 19:28:14.907 [info] > git status -z -uall [1ms]
2024-08-18 19:28:14.918 [info] > git for-each-ref --format=%(refname)%00%(upstream:short)%00%(objectname)%00%(upstream:track)%00%(upstream:remotename)%00%(upstream:remoteref) refs/heads/master refs/remotes/master [7ms]
2024-08-18 19:28:14.921 [info] > git config --get commit.template [4ms]
2024-08-18 19:28:14.921 [info] > git config --local branch.master.vscode-merge-base [1ms]
2024-08-18 19:28:14.926 [info] > git for-each-ref --format=%(refname)%00%(upstream:short)%00%(objectname)%00%(upstream:track)%00%(upstream:remotename)%00%(upstream:remoteref) refs/heads/origin/master refs/remotes/origin/master [3ms]
2024-08-18 19:28:14.930 [info] > git for-each-ref --format=%(refname)%00%(upstream:short)%00%(objectname)%00%(upstream:track)%00%(upstream:remotename)%00%(upstream:remoteref) refs/heads/master refs/remotes/master [4ms]
2024-08-18 19:28:14.932 [warning] [Git][revParse] Unable to read file: ENOENT: no such file or directory, open '/home/qewa/yay-bin/.git/refs/remotes/origin/master'
2024-08-18 19:28:14.932 [info] > git merge-base refs/heads/master refs/remotes/origin/master [4ms]
2024-08-18 19:28:14.935 [info] > git rev-parse refs/remotes/origin/master [3ms]
2024-08-18 19:28:14.938 [info] > git status -z -uall [1ms]
2024-08-18 19:28:14.938 [info] > git rev-list --count --left-right refs/heads/master...refs/remotes/origin/master [3ms]
2024-08-18 19:28:14.945 [info] > git for-each-ref --format=%(refname)%00%(upstream:short)%00%(objectname)%00%(upstream:track)%00%(upstream:remotename)%00%(upstream:remoteref) refs/heads/master refs/remotes/master [1ms]
2024-08-18 19:28:14.948 [info] > git diff --name-status -z --diff-filter=ADMR 02b6d8096ff282f183b6b8c474581a0120c57b4a...refs/remotes/origin/master [7ms]
2024-08-18 19:28:14.949 [info] > git config --local branch.master.vscode-merge-base [1ms]
2024-08-18 19:28:14.952 [info] > git for-each-ref --format=%(refname)%00%(upstream:short)%00%(objectname)%00%(upstream:track)%00%(upstream:remotename)%00%(upstream:remoteref) refs/heads/origin/master refs/remotes/origin/master [1ms]
2024-08-18 19:28:15.462 [info] > git check-ignore -v -z --stdin [1ms]
2024-08-18 19:28:16.649 [info] > git rev-parse --show-toplevel [0ms]
2024-08-18 19:28:16.649 [info] fatal: not a git repository (or any of the parent directories): .git
2024-08-18 20:04:55.548 [info] > git rev-parse --show-toplevel [2ms]
2024-08-18 20:04:55.557 [info] > git rev-parse --git-dir --git-common-dir [2ms]
2024-08-18 20:04:55.563 [info] [Model][openRepository] Opened repository: /home/qewa/.cache/yay/ttf-meslo-nerd-font-powerlevel10k
2024-08-18 20:04:55.567 [info] > git config --get commit.template [1ms]
2024-08-18 20:04:55.570 [info] > git for-each-ref --format=%(refname)%00%(upstream:short)%00%(objectname)%00%(upstream:track)%00%(upstream:remotename)%00%(upstream:remoteref) refs/heads/master refs/remotes/master [1ms]
2024-08-18 20:04:55.572 [warning] [Git][revParse] Unable to read file: ENOENT: no such file or directory, open '/home/qewa/.cache/yay/ttf-meslo-nerd-font-powerlevel10k/.git/refs/remotes/origin/master'
2024-08-18 20:04:55.573 [info] > git rev-parse refs/remotes/origin/master [1ms]
2024-08-18 20:04:55.576 [info] > git status -z -uall [1ms]
2024-08-18 20:04:55.583 [info] > git for-each-ref --format=%(refname)%00%(upstream:short)%00%(objectname)%00%(upstream:track)%00%(upstream:remotename)%00%(upstream:remoteref) refs/heads/master refs/remotes/master [5ms]
2024-08-18 20:04:55.586 [info] > git config --get commit.template [3ms]
2024-08-18 20:04:55.586 [info] > git config --local branch.master.vscode-merge-base [0ms]
2024-08-18 20:04:55.587 [warning] [Git][config] git config failed: Failed to execute git
2024-08-18 20:04:55.592 [info] > git for-each-ref --format=%(refname)%00%(upstream:short)%00%(objectname)%00%(upstream:track)%00%(upstream:remotename)%00%(upstream:remoteref) refs/heads/master refs/remotes/master [1ms]
2024-08-18 20:04:55.594 [warning] [Git][revParse] Unable to read file: ENOENT: no such file or directory, open '/home/qewa/.cache/yay/ttf-meslo-nerd-font-powerlevel10k/.git/refs/remotes/origin/master'
2024-08-18 20:04:55.594 [info] > git rev-parse refs/remotes/origin/master [0ms]
2024-08-18 20:04:55.597 [info] > git reflog master --grep-reflog=branch: Created from *. [8ms]
2024-08-18 20:04:55.599 [info] > git status -z -uall [3ms]
2024-08-18 20:04:55.603 [info] > git for-each-ref --format=%(refname)%00%(upstream:short)%00%(objectname)%00%(upstream:track)%00%(upstream:remotename)%00%(upstream:remoteref) refs/heads/master refs/remotes/master [1ms]
2024-08-18 20:04:55.606 [info] > git symbolic-ref --short refs/remotes/origin/HEAD [7ms]
2024-08-18 20:04:55.609 [info] > git config --local branch.master.vscode-merge-base [3ms]
2024-08-18 20:04:55.610 [warning] [Git][config] git config failed: Failed to execute git
2024-08-18 20:04:55.612 [info] > git for-each-ref --format=%(refname)%00%(upstream:short)%00%(objectname)%00%(upstream:track)%00%(upstream:remotename)%00%(upstream:remoteref) refs/heads/origin/master refs/remotes/origin/master [3ms]
2024-08-18 20:04:55.618 [info] > git reflog master --grep-reflog=branch: Created from *. [6ms]
2024-08-18 20:04:55.624 [info] > git symbolic-ref --short refs/remotes/origin/HEAD [2ms]
2024-08-18 20:04:55.629 [info] > git for-each-ref --format=%(refname)%00%(upstream:short)%00%(objectname)%00%(upstream:track)%00%(upstream:remotename)%00%(upstream:remoteref) refs/heads/origin/master refs/remotes/origin/master [1ms]
2024-08-18 20:04:55.679 [info] > git config --local branch.master.vscode-merge-base origin/master [63ms]
2024-08-18 20:04:55.693 [info] > git config --get commit.template [7ms]
2024-08-18 20:04:55.695 [info] > git for-each-ref --format=%(refname)%00%(upstream:short)%00%(objectname)%00%(upstream:track)%00%(upstream:remotename)%00%(upstream:remoteref) refs/heads/master refs/remotes/master [3ms]
2024-08-18 20:04:55.700 [warning] [Git][revParse] Unable to read file: ENOENT: no such file or directory, open '/home/qewa/.cache/yay/ttf-meslo-nerd-font-powerlevel10k/.git/refs/remotes/origin/master'
2024-08-18 20:04:55.702 [info] > git rev-parse refs/remotes/origin/master [2ms]
2024-08-18 20:04:55.708 [info] > git status -z -uall [2ms]
2024-08-18 20:04:55.719 [info] > git for-each-ref --format=%(refname)%00%(upstream:short)%00%(objectname)%00%(upstream:track)%00%(upstream:remotename)%00%(upstream:remoteref) refs/heads/master refs/remotes/master [5ms]
2024-08-18 20:04:55.723 [info] > git config --local branch.master.vscode-merge-base origin/master [91ms]
2024-08-18 20:04:55.723 [info] > git merge-base refs/heads/master refs/remotes/origin/master [5ms]
2024-08-18 20:04:55.728 [info] > git config --local branch.master.vscode-merge-base [6ms]
2024-08-18 20:04:55.731 [info] > git config --get commit.template [3ms]
2024-08-18 20:04:55.731 [info] > git rev-list --count --left-right refs/heads/master...refs/remotes/origin/master [5ms]
2024-08-18 20:04:55.734 [info] > git for-each-ref --format=%(refname)%00%(upstream:short)%00%(objectname)%00%(upstream:track)%00%(upstream:remotename)%00%(upstream:remoteref) refs/heads/origin/master refs/remotes/origin/master [3ms]
2024-08-18 20:04:55.736 [info] > git diff --name-status -z --diff-filter=ADMR ee5efdafd35416149bae2048787e8f589a87a254...refs/remotes/origin/master [3ms]
2024-08-18 20:04:55.737 [info] > git for-each-ref --format=%(refname)%00%(upstream:short)%00%(objectname)%00%(upstream:track)%00%(upstream:remotename)%00%(upstream:remoteref) refs/heads/master refs/remotes/master [1ms]
2024-08-18 20:04:55.739 [warning] [Git][revParse] Unable to read file: ENOENT: no such file or directory, open '/home/qewa/.cache/yay/ttf-meslo-nerd-font-powerlevel10k/.git/refs/remotes/origin/master'
2024-08-18 20:04:55.739 [info] > git rev-parse refs/remotes/origin/master [0ms]
2024-08-18 20:04:55.742 [info] > git status -z -uall [1ms]
2024-08-18 20:04:55.746 [info] > git for-each-ref --format=%(refname)%00%(upstream:short)%00%(objectname)%00%(upstream:track)%00%(upstream:remotename)%00%(upstream:remoteref) refs/heads/master refs/remotes/master [1ms]
2024-08-18 20:04:55.748 [info] > git config --local branch.master.vscode-merge-base [0ms]
2024-08-18 20:04:55.751 [info] > git for-each-ref --format=%(refname)%00%(upstream:short)%00%(objectname)%00%(upstream:track)%00%(upstream:remotename)%00%(upstream:remoteref) refs/heads/origin/master refs/remotes/origin/master [0ms]
2024-08-18 20:04:56.134 [info] > git check-ignore -v -z --stdin [2ms]
2024-08-18 20:09:54.199 [info] > git config --get commit.template [3ms]
2024-08-18 20:09:54.199 [info] > git for-each-ref --format=%(refname)%00%(upstream:short)%00%(objectname)%00%(upstream:track)%00%(upstream:remotename)%00%(upstream:remoteref) refs/heads/master refs/remotes/master [1ms]
2024-08-18 20:09:54.201 [warning] [Git][revParse] Unable to read file: ENOENT: no such file or directory, open '/home/qewa/.cache/yay/ttf-meslo-nerd-font-powerlevel10k/.git/refs/remotes/origin/master'
2024-08-18 20:09:54.202 [info] > git rev-parse refs/remotes/origin/master [1ms]
2024-08-18 20:09:54.206 [info] > git status -z -uall [1ms]
2024-08-18 20:09:54.211 [info] > git for-each-ref --format=%(refname)%00%(upstream:short)%00%(objectname)%00%(upstream:track)%00%(upstream:remotename)%00%(upstream:remoteref) refs/heads/master refs/remotes/master [2ms]
2024-08-18 20:09:54.214 [info] > git config --local branch.master.vscode-merge-base [1ms]
2024-08-18 20:09:54.218 [info] > git for-each-ref --format=%(refname)%00%(upstream:short)%00%(objectname)%00%(upstream:track)%00%(upstream:remotename)%00%(upstream:remoteref) refs/heads/origin/master refs/remotes/origin/master [1ms]
2024-08-18 20:09:59.231 [info] > git config --get commit.template [8ms]
2024-08-18 20:09:59.232 [info] > git for-each-ref --format=%(refname)%00%(upstream:short)%00%(objectname)%00%(upstream:track)%00%(upstream:remotename)%00%(upstream:remoteref) refs/heads/master refs/remotes/master [2ms]
2024-08-18 20:09:59.238 [warning] [Git][revParse] Unable to read file: ENOENT: no such file or directory, open '/home/qewa/.cache/yay/ttf-meslo-nerd-font-powerlevel10k/.git/refs/remotes/origin/master'
2024-08-18 20:09:59.240 [info] > git rev-parse refs/remotes/origin/master [1ms]
2024-08-18 20:09:59.248 [info] > git status -z -uall [2ms]
2024-08-18 20:09:59.256 [info] > git for-each-ref --format=%(refname)%00%(upstream:short)%00%(objectname)%00%(upstream:track)%00%(upstream:remotename)%00%(upstream:remoteref) refs/heads/master refs/remotes/master [2ms]
2024-08-18 20:09:59.260 [info] > git config --local branch.master.vscode-merge-base [0ms]
2024-08-18 20:09:59.263 [info] > git for-each-ref --format=%(refname)%00%(upstream:short)%00%(objectname)%00%(upstream:track)%00%(upstream:remotename)%00%(upstream:remoteref) refs/heads/origin/master refs/remotes/origin/master [0ms]
