2024-09-06 17:52:29.460 [info] Extension host with pid 5868 started
2024-09-06 17:52:29.538 [info] ExtensionService#_doActivateExtension vscode.git-base, startup: true, activationEvent: '*', root cause: vscode.git
2024-09-06 17:52:29.556 [info] ExtensionService#_doActivateExtension vscode.git, startup: true, activationEvent: '*'
2024-09-06 17:52:29.629 [info] ExtensionService#_doActivateExtension vscode.github, startup: true, activationEvent: '*'
2024-09-06 17:52:29.757 [info] Eager extensions activated
2024-09-06 17:52:29.764 [info] ExtensionService#_doActivateExtension vscode.debug-auto-launch, startup: false, activationEvent: 'onStartupFinished'
2024-09-06 17:52:29.776 [info] ExtensionService#_doActivateExtension vscode.merge-conflict, startup: false, activationEvent: 'onStartupFinished'
2024-09-06 17:52:29.798 [info] ExtensionService#_doActivateExtension formulahendry.code-runner, startup: false, activationEvent: 'onStartupFinished'
2024-09-06 17:52:38.301 [info] Extension host terminating: renderer closed the MessagePort
2024-09-06 17:52:38.304 [info] Extension host with pid 5868 exiting with code 0
2024-09-06 17:52:39.449 [info] Extension host with pid 5923 started
2024-09-06 17:52:39.449 [info] Skipping acquiring lock for /home/qewa/.config/Code - OSS/User/workspaceStorage/c805c19608d8383ef0a87caee63dabc3.
2024-09-06 17:52:39.570 [info] ExtensionService#_doActivateExtension vscode.emmet, startup: false, activationEvent: 'onLanguage'
2024-09-06 17:52:39.591 [info] ExtensionService#_doActivateExtension ms-vscode.cpptools, startup: false, activationEvent: 'onLanguage:cpp'
2024-09-06 17:52:40.029 [info] ExtensionService#_doActivateExtension vscode.git-base, startup: true, activationEvent: '*', root cause: vscode.git
2024-09-06 17:52:40.031 [info] ExtensionService#_doActivateExtension vscode.git, startup: true, activationEvent: '*'
2024-09-06 17:52:40.050 [info] ExtensionService#_doActivateExtension vscode.github, startup: true, activationEvent: '*'
2024-09-06 17:52:40.076 [info] Eager extensions activated
2024-09-06 17:52:40.099 [info] ExtensionService#_doActivateExtension vscode.debug-auto-launch, startup: false, activationEvent: 'onStartupFinished'
2024-09-06 17:52:40.100 [info] ExtensionService#_doActivateExtension vscode.merge-conflict, startup: false, activationEvent: 'onStartupFinished'
2024-09-06 17:52:40.104 [info] ExtensionService#_doActivateExtension formulahendry.code-runner, startup: false, activationEvent: 'onStartupFinished'
2024-09-06 18:07:45.636 [info] ExtensionService#_doActivateExtension vscode.npm, startup: false, activationEvent: 'onTerminalQuickFixRequest:ms-vscode.npm-command'
2024-09-06 18:17:45.288 [warning] ms-vscode.cpptools - Code actions of kind 'quickfix' requested but returned code action is of kind 'refactor.extract.function'. Code action will be dropped. Please check 'CodeActionContext.only' to only return requested code actions.
2024-09-06 18:19:10.442 [info] ExtensionService#_doActivateExtension vscode.configuration-editing, startup: false, activationEvent: 'onLanguage:jsonc'
2024-09-06 18:19:10.467 [info] ExtensionService#_doActivateExtension vscode.json-language-features, startup: false, activationEvent: 'onLanguage:jsonc'
2024-09-06 18:19:10.514 [info] ExtensionService#_doActivateExtension vscode.typescript-language-features, startup: false, activationEvent: 'onLanguage:jsonc'
2024-09-06 19:02:33.081 [info] Extension host terminating: renderer closed the MessagePort
2024-09-06 19:02:33.123 [info] Extension host with pid 5923 exiting with code 0
