2024-09-06 17:52:29.689 [info] [main] Log level: Info
2024-09-06 17:52:29.689 [info] [main] Validating found git in: "git"
2024-09-06 17:52:29.756 [info] [main] Using git "2.46.0" from "git"
2024-09-06 17:52:29.756 [info] [Model][doInitialScan] Initial repository scan started
2024-09-06 17:52:29.756 [info] [Model][doInitialScan] Initial repository scan completed - repositories (0), closed repositories (0), parent repositories (0), unsafe repositories (0)
2024-09-06 17:52:40.086 [info] [main] Log level: Info
2024-09-06 17:52:40.086 [info] [main] Validating found git in: "git"
2024-09-06 17:52:40.086 [info] [main] Using git "2.46.0" from "git"
2024-09-06 17:52:40.086 [info] [Model][doInitialScan] Initial repository scan started
2024-09-06 17:52:40.094 [info] > git rev-parse --show-toplevel [10ms]
2024-09-06 17:52:40.094 [info] fatal: not a git repository (or any of the parent directories): .git
2024-09-06 17:52:40.098 [info] > git rev-parse --show-toplevel [1ms]
2024-09-06 17:52:40.098 [info] fatal: not a git repository (or any of the parent directories): .git
2024-09-06 17:52:40.123 [info] > git rev-parse --show-toplevel [6ms]
2024-09-06 17:52:40.123 [info] fatal: not a git repository (or any of the parent directories): .git
2024-09-06 17:52:40.127 [info] > git rev-parse --show-toplevel [1ms]
2024-09-06 17:52:40.127 [info] fatal: not a git repository (or any of the parent directories): .git
2024-09-06 17:52:40.131 [info] > git rev-parse --show-toplevel [1ms]
2024-09-06 17:52:40.131 [info] fatal: not a git repository (or any of the parent directories): .git
2024-09-06 17:52:40.134 [info] > git rev-parse --show-toplevel [0ms]
2024-09-06 17:52:40.134 [info] fatal: not a git repository (or any of the parent directories): .git
2024-09-06 17:52:40.138 [info] > git rev-parse --show-toplevel [1ms]
2024-09-06 17:52:40.140 [info] fatal: not a git repository (or any of the parent directories): .git
2024-09-06 17:52:40.145 [info] > git rev-parse --show-toplevel [0ms]
2024-09-06 17:52:40.145 [info] fatal: not a git repository (or any of the parent directories): .git
2024-09-06 17:52:40.148 [info] > git rev-parse --show-toplevel [1ms]
2024-09-06 17:52:40.148 [info] fatal: not a git repository (or any of the parent directories): .git
2024-09-06 17:52:40.151 [info] > git rev-parse --show-toplevel [0ms]
2024-09-06 17:52:40.151 [info] fatal: not a git repository (or any of the parent directories): .git
2024-09-06 17:52:40.155 [info] > git rev-parse --show-toplevel [1ms]
2024-09-06 17:52:40.155 [info] fatal: not a git repository (or any of the parent directories): .git
2024-09-06 17:52:40.158 [info] > git rev-parse --show-toplevel [0ms]
2024-09-06 17:52:40.158 [info] fatal: not a git repository (or any of the parent directories): .git
2024-09-06 17:52:40.159 [info] [Model][doInitialScan] Initial repository scan completed - repositories (0), closed repositories (0), parent repositories (0), unsafe repositories (0)
2024-09-06 17:52:40.666 [info] > git rev-parse --show-toplevel [1ms]
2024-09-06 17:52:40.666 [info] fatal: not a git repository (or any of the parent directories): .git
2024-09-06 17:52:41.228 [info] > git rev-parse --show-toplevel [2ms]
2024-09-06 17:52:41.228 [info] fatal: not a git repository (or any of the parent directories): .git
2024-09-06 18:13:46.571 [info] > git rev-parse --show-toplevel [3ms]
2024-09-06 18:13:46.571 [info] fatal: not a git repository (or any of the parent directories): .git
2024-09-06 18:19:10.618 [info] > git rev-parse --show-toplevel [17ms]
2024-09-06 18:19:10.618 [info] fatal: not a git repository (or any of the parent directories): .git
2024-09-06 18:29:22.256 [info] > git rev-parse --show-toplevel [2ms]
2024-09-06 18:29:22.256 [info] fatal: not a git repository (or any of the parent directories): .git
2024-09-06 18:40:06.282 [info] > git rev-parse --show-toplevel [2ms]
2024-09-06 18:40:06.282 [info] fatal: not a git repository (or any of the parent directories): .git
