2024-08-19 17:56:12.733 [info] [main] Log level: Info
2024-08-19 17:56:12.733 [info] [main] Validating found git in: "git"
2024-08-19 17:56:12.879 [info] [main] Using git "2.46.0" from "git"
2024-08-19 17:56:12.879 [info] [Model][doInitialScan] Initial repository scan started
2024-08-19 17:56:12.959 [info] > git rev-parse --show-toplevel [71ms]
2024-08-19 17:56:12.959 [info] fatal: not a git repository (or any of the parent directories): .git
2024-08-19 17:56:12.965 [info] > git rev-parse --show-toplevel [1ms]
2024-08-19 17:56:12.965 [info] fatal: not a git repository (or any of the parent directories): .git
2024-08-19 17:56:12.977 [info] > git rev-parse --show-toplevel [0ms]
2024-08-19 17:56:12.978 [info] fatal: not a git repository (or any of the parent directories): .git
2024-08-19 17:56:12.980 [info] > git rev-parse --show-toplevel [1ms]
2024-08-19 17:56:12.980 [info] fatal: not a git repository (or any of the parent directories): .git
2024-08-19 17:56:12.982 [info] > git rev-parse --show-toplevel [0ms]
2024-08-19 17:56:12.982 [info] fatal: not a git repository (or any of the parent directories): .git
2024-08-19 17:56:12.984 [info] > git rev-parse --show-toplevel [0ms]
2024-08-19 17:56:12.985 [info] fatal: not a git repository (or any of the parent directories): .git
2024-08-19 17:56:12.987 [info] > git rev-parse --show-toplevel [1ms]
2024-08-19 17:56:12.987 [info] fatal: not a git repository (or any of the parent directories): .git
2024-08-19 17:56:12.989 [info] > git rev-parse --show-toplevel [1ms]
2024-08-19 17:56:12.989 [info] fatal: not a git repository (or any of the parent directories): .git
2024-08-19 17:56:12.991 [info] > git rev-parse --show-toplevel [0ms]
2024-08-19 17:56:12.991 [info] fatal: not a git repository (or any of the parent directories): .git
2024-08-19 17:56:12.993 [info] > git rev-parse --show-toplevel [0ms]
2024-08-19 17:56:12.993 [info] fatal: not a git repository (or any of the parent directories): .git
2024-08-19 17:56:12.996 [info] > git rev-parse --show-toplevel [1ms]
2024-08-19 17:56:12.996 [info] fatal: not a git repository (or any of the parent directories): .git
2024-08-19 17:56:12.998 [info] > git rev-parse --show-toplevel [1ms]
2024-08-19 17:56:12.998 [info] fatal: not a git repository (or any of the parent directories): .git
2024-08-19 17:56:13.000 [info] > git rev-parse --show-toplevel [1ms]
2024-08-19 17:56:13.000 [info] fatal: not a git repository (or any of the parent directories): .git
2024-08-19 17:56:13.024 [info] > git rev-parse --show-toplevel [22ms]
2024-08-19 17:56:13.027 [info] > git rev-parse --git-dir --git-common-dir [0ms]
2024-08-19 17:56:13.033 [info] [Model][openRepository] Opened repository: /home/qewa/yay-bin
2024-08-19 17:56:13.034 [info] [Model][doInitialScan] Initial repository scan completed - repositories (1), closed repositories (0), parent repositories (0), unsafe repositories (0)
2024-08-19 17:56:13.058 [info] > git config --get commit.template [22ms]
2024-08-19 17:56:13.175 [info] > git for-each-ref --format=%(refname)%00%(upstream:short)%00%(objectname)%00%(upstream:track)%00%(upstream:remotename)%00%(upstream:remoteref) refs/heads/master refs/remotes/master [137ms]
2024-08-19 17:56:13.178 [warning] [Git][revParse] Unable to read file: ENOENT: no such file or directory, open '/home/qewa/yay-bin/.git/refs/remotes/origin/master'
2024-08-19 17:56:13.178 [info] > git rev-parse refs/remotes/origin/master [0ms]
2024-08-19 17:56:13.220 [info] > git status -z -uall [38ms]
2024-08-19 17:56:13.230 [info] > git for-each-ref --format=%(refname)%00%(upstream:short)%00%(objectname)%00%(upstream:track)%00%(upstream:remotename)%00%(upstream:remoteref) refs/heads/master refs/remotes/master [7ms]
2024-08-19 17:56:13.234 [info] > git config --get commit.template [3ms]
2024-08-19 17:56:13.234 [info] > git config --local branch.master.vscode-merge-base [1ms]
2024-08-19 17:56:13.239 [info] > git for-each-ref --format=%(refname)%00%(upstream:short)%00%(objectname)%00%(upstream:track)%00%(upstream:remotename)%00%(upstream:remoteref) refs/heads/origin/master refs/remotes/origin/master [3ms]
2024-08-19 17:56:13.242 [info] > git for-each-ref --format=%(refname)%00%(upstream:short)%00%(objectname)%00%(upstream:track)%00%(upstream:remotename)%00%(upstream:remoteref) refs/heads/master refs/remotes/master [4ms]
2024-08-19 17:56:13.244 [warning] [Git][revParse] Unable to read file: ENOENT: no such file or directory, open '/home/qewa/yay-bin/.git/refs/remotes/origin/master'
2024-08-19 17:56:13.244 [info] > git rev-parse refs/remotes/origin/master [0ms]
2024-08-19 17:56:13.247 [info] > git status -z -uall [1ms]
2024-08-19 17:56:13.250 [info] > git for-each-ref --format=%(refname)%00%(upstream:short)%00%(objectname)%00%(upstream:track)%00%(upstream:remotename)%00%(upstream:remoteref) refs/heads/master refs/remotes/master [1ms]
2024-08-19 17:56:13.252 [info] > git merge-base refs/heads/master refs/remotes/origin/master [11ms]
2024-08-19 17:56:13.255 [info] > git config --local branch.master.vscode-merge-base [3ms]
2024-08-19 17:56:13.259 [info] > git rev-list --count --left-right refs/heads/master...refs/remotes/origin/master [3ms]
2024-08-19 17:56:13.261 [info] > git for-each-ref --format=%(refname)%00%(upstream:short)%00%(objectname)%00%(upstream:track)%00%(upstream:remotename)%00%(upstream:remoteref) refs/heads/origin/master refs/remotes/origin/master [3ms]
2024-08-19 17:56:13.262 [info] > git diff --name-status -z --diff-filter=ADMR 02b6d8096ff282f183b6b8c474581a0120c57b4a...refs/remotes/origin/master [1ms]
2024-08-19 17:56:13.665 [info] > git check-ignore -v -z --stdin [1ms]
