2024-09-08 14:41:02.176 [info] Added views:workbench.panel.markers.view in workbench.panel.markers
2024-09-08 14:41:02.176 [info] Added views:workbench.panel.output in workbench.panel.output
2024-09-08 14:41:02.176 [info] Added views:terminal in terminal
2024-09-08 14:41:02.176 [info] Added views:outline in workbench.view.explorer
2024-09-08 14:41:02.176 [info] Added views:workbench.scm in workbench.view.scm
2024-09-08 14:41:02.176 [info] Added views:workbench.view.search in workbench.view.search
2024-09-08 14:41:02.176 [info] Added views:timeline in workbench.view.explorer
2024-09-08 14:41:02.176 [info] Added views:workbench.explorer.fileView in workbench.view.explorer
2024-09-08 14:41:02.361 [info] Added views:workbench.debug.welcome in workbench.view.debug
2024-09-08 14:41:03.150 [info] Added views:workbench.panel.repl.view in workbench.panel.repl
2024-09-08 14:41:04.075 [info] Added views:~remote.forwardedPorts in ~remote.forwardedPortsContainer
2024-09-08 14:41:18.563 [info] Added views:workbench.panel.markers.view in workbench.panel.markers
2024-09-08 14:41:18.563 [info] Added views:workbench.panel.output in workbench.panel.output
2024-09-08 14:41:18.563 [info] Added views:terminal in terminal
2024-09-08 14:41:18.563 [info] Added views:outline in workbench.view.explorer
2024-09-08 14:41:18.563 [info] Added views:workbench.scm in workbench.view.scm
2024-09-08 14:41:18.563 [info] Added views:workbench.view.search in workbench.view.search
2024-09-08 14:41:18.563 [info] Added views:timeline in workbench.view.explorer
2024-09-08 14:41:18.563 [info] Added views:workbench.explorer.fileView in workbench.view.explorer
2024-09-08 14:41:18.769 [info] Added views:workbench.debug.variablesView,workbench.debug.watchExpressionsView,workbench.debug.callStackView,workbench.debug.breakPointsView in workbench.view.debug
2024-09-08 14:41:18.871 [info] Added views:~remote.forwardedPorts in ~remote.forwardedPortsContainer
2024-09-08 14:41:19.023 [info] Added views:workbench.panel.repl.view in workbench.panel.repl
2024-09-08 14:41:19.025 [info] Removed views:workbench.debug.breakPointsView,workbench.debug.callStackView,workbench.debug.watchExpressionsView,workbench.debug.variablesView from workbench.view.debug
2024-09-08 14:41:19.025 [info] Added views:workbench.debug.welcome in workbench.view.debug
2024-09-08 15:19:59.895 [info] Added views:workbench.panel.markers.view in workbench.panel.markers
2024-09-08 15:19:59.895 [info] Added views:workbench.panel.output in workbench.panel.output
2024-09-08 15:19:59.895 [info] Added views:terminal in terminal
2024-09-08 15:19:59.895 [info] Added views:outline in workbench.view.explorer
2024-09-08 15:19:59.895 [info] Added views:workbench.scm in workbench.view.scm
2024-09-08 15:19:59.895 [info] Added views:workbench.view.search in workbench.view.search
2024-09-08 15:19:59.895 [info] Added views:timeline in workbench.view.explorer
2024-09-08 15:19:59.895 [info] Added views:workbench.explorer.fileView in workbench.view.explorer
2024-09-08 15:19:59.976 [info] Added views:workbench.debug.welcome in workbench.view.debug
2024-09-08 15:20:00.469 [info] Added views:workbench.panel.repl.view in workbench.panel.repl
2024-09-08 15:20:01.505 [info] Added views:~remote.forwardedPorts in ~remote.forwardedPortsContainer
