2024-08-18 15:33:51.289 [info] Extension host with pid 9160 started
2024-08-18 15:33:51.289 [info] Skipping acquiring lock for /home/qewa/.config/Code - OSS/User/workspaceStorage/0d01d0aff73e5c0324b3623fb602d10f.
2024-08-18 15:33:51.411 [info] ExtensionService#_doActivateExtension vscode.emmet, startup: false, activationEvent: 'onLanguage'
2024-08-18 15:33:51.431 [info] ExtensionService#_doActivateExtension vscode.git-base, startup: true, activationEvent: '*', root cause: vscode.git
2024-08-18 15:33:51.445 [info] ExtensionService#_doActivateExtension vscode.git, startup: true, activationEvent: '*'
2024-08-18 15:33:51.459 [info] ExtensionService#_doActivateExtension vscode.github, startup: true, activationEvent: '*'
2024-08-18 15:33:51.486 [info] Eager extensions activated
2024-08-18 15:33:51.497 [info] ExtensionService#_doActivateExtension vscode.debug-auto-launch, startup: false, activationEvent: 'onStartupFinished'
2024-08-18 15:33:51.498 [info] ExtensionService#_doActivateExtension vscode.merge-conflict, startup: false, activationEvent: 'onStartupFinished'
2024-08-18 15:33:52.262 [info] ExtensionService#_doActivateExtension vscode.configuration-editing, startup: false, activationEvent: 'onLanguage:json'
2024-08-18 15:33:52.264 [info] ExtensionService#_doActivateExtension vscode.extension-editing, startup: false, activationEvent: 'onLanguage:json'
2024-08-18 15:33:52.267 [info] ExtensionService#_doActivateExtension vscode.json-language-features, startup: false, activationEvent: 'onLanguage:json'
2024-08-18 15:33:52.281 [info] ExtensionService#_doActivateExtension vscode.npm, startup: false, activationEvent: 'onLanguage:json'
2024-08-18 15:36:23.734 [info] Extension host terminating: renderer closed the MessagePort
2024-08-18 15:36:23.741 [error] Canceled: Canceled
	at new C (/usr/lib/code/out/vs/workbench/api/node/extensionHostProcess.js:144:35204)
	at E.U (/usr/lib/code/out/vs/workbench/api/node/extensionHostProcess.js:151:6017)
	at B.<computed>.j.charCodeAt.R.CharCode.DollarSign.B.<computed> (/usr/lib/code/out/vs/workbench/api/node/extensionHostProcess.js:151:3107)
	at d.g (/usr/lib/code/out/vs/workbench/api/node/extensionHostProcess.js:154:205942)
	at d.executeCommand (/usr/lib/code/out/vs/workbench/api/node/extensionHostProcess.js:154:205380)
	at A.registerCommand.description (/usr/lib/code/out/vs/workbench/api/node/extensionHostProcess.js:154:204704)
	at d.h (/usr/lib/code/out/vs/workbench/api/node/extensionHostProcess.js:154:206481)
	at d.g (/usr/lib/code/out/vs/workbench/api/node/extensionHostProcess.js:154:205473)
	at d.executeCommand (/usr/lib/code/out/vs/workbench/api/node/extensionHostProcess.js:154:205380)
	at Object.executeCommand (/usr/lib/code/out/vs/workbench/api/node/extensionHostProcess.js:164:23060)
	at i.O [as value] (/usr/lib/code/extensions/git/dist/main.js:2:951642)
	at n.B (/usr/lib/code/out/vs/workbench/api/node/extensionHostProcess.js:83:737)
	at n.C (/usr/lib/code/out/vs/workbench/api/node/extensionHostProcess.js:83:807)
	at n.fire (/usr/lib/code/out/vs/workbench/api/node/extensionHostProcess.js:83:1023)
	at Object.p [as dispose] (/usr/lib/code/extensions/git/dist/main.js:2:972220)
	at /usr/lib/code/extensions/git/dist/main.js:2:978342
	at Array.forEach (<anonymous>)
	at f.dispose (/usr/lib/code/extensions/git/dist/main.js:2:978328)
	at a.<anonymous> (/usr/lib/code/out/vs/workbench/api/node/extensionHostProcess.js:152:4173)
	at a.dispose (/usr/lib/code/out/vs/workbench/api/node/extensionHostProcess.js:152:4270)
	at a.<anonymous> (/usr/lib/code/extensions/git/dist/main.js:2:953940)
	at a.dispose (/usr/lib/code/out/vs/workbench/api/node/extensionHostProcess.js:152:4270)
	at $ (/usr/lib/code/out/vs/workbench/api/node/extensionHostProcess.js:30:744)
	at /usr/lib/code/out/vs/workbench/api/node/extensionHostProcess.js:160:13379
	at /usr/lib/code/out/vs/workbench/api/node/extensionHostProcess.js:30:1112
	at Object.dispose (/usr/lib/code/out/vs/workbench/api/node/extensionHostProcess.js:11:11354)
	at m.eb (/usr/lib/code/out/vs/workbench/api/node/extensionHostProcess.js:160:10056)
	at /usr/lib/code/out/vs/workbench/api/node/extensionHostProcess.js:160:7927
	at Array.map (<anonymous>)
	at m.$ (/usr/lib/code/out/vs/workbench/api/node/extensionHostProcess.js:160:7914)
	at m.terminate (/usr/lib/code/out/vs/workbench/api/node/extensionHostProcess.js:160:8187)
	at $.terminate (/usr/lib/code/out/vs/workbench/api/node/extensionHostProcess.js:164:1513)
	at o (/usr/lib/code/out/vs/workbench/api/node/extensionHostProcess.js:177:10633)
	at MessagePortMain.<anonymous> (/usr/lib/code/out/vs/workbench/api/node/extensionHostProcess.js:177:6825)
	at MessagePortMain.emit (node:events:519:28)
	at MessagePortMain._internalPort.emit (node:electron/js2c/utility_init:2:2619) setContext undefined
2024-08-18 15:36:23.742 [error] Canceled: Canceled
	at new C (/usr/lib/code/out/vs/workbench/api/node/extensionHostProcess.js:144:35204)
	at E.U (/usr/lib/code/out/vs/workbench/api/node/extensionHostProcess.js:151:6017)
	at B.<computed>.j.charCodeAt.R.CharCode.DollarSign.B.<computed> (/usr/lib/code/out/vs/workbench/api/node/extensionHostProcess.js:151:3107)
	at d.g (/usr/lib/code/out/vs/workbench/api/node/extensionHostProcess.js:154:205942)
	at d.executeCommand (/usr/lib/code/out/vs/workbench/api/node/extensionHostProcess.js:154:205380)
	at A.registerCommand.description (/usr/lib/code/out/vs/workbench/api/node/extensionHostProcess.js:154:204704)
	at d.h (/usr/lib/code/out/vs/workbench/api/node/extensionHostProcess.js:154:206481)
	at d.g (/usr/lib/code/out/vs/workbench/api/node/extensionHostProcess.js:154:205473)
	at d.executeCommand (/usr/lib/code/out/vs/workbench/api/node/extensionHostProcess.js:154:205380)
	at Object.executeCommand (/usr/lib/code/out/vs/workbench/api/node/extensionHostProcess.js:164:23060)
	at set hasGitHubRepositories (/usr/lib/code/extensions/github/dist/extension.js:2:322969)
	at /usr/lib/code/extensions/github/dist/extension.js:2:323928
	at i.value (/usr/lib/code/extensions/git/dist/main.js:2:1060193)
	at n.B (/usr/lib/code/out/vs/workbench/api/node/extensionHostProcess.js:83:737)
	at n.C (/usr/lib/code/out/vs/workbench/api/node/extensionHostProcess.js:83:807)
	at n.fire (/usr/lib/code/out/vs/workbench/api/node/extensionHostProcess.js:83:1023)
	at Object.p [as dispose] (/usr/lib/code/extensions/git/dist/main.js:2:972220)
	at /usr/lib/code/extensions/git/dist/main.js:2:978342
	at Array.forEach (<anonymous>)
	at f.dispose (/usr/lib/code/extensions/git/dist/main.js:2:978328)
	at a.<anonymous> (/usr/lib/code/out/vs/workbench/api/node/extensionHostProcess.js:152:4173)
	at a.dispose (/usr/lib/code/out/vs/workbench/api/node/extensionHostProcess.js:152:4270)
	at a.<anonymous> (/usr/lib/code/extensions/git/dist/main.js:2:953940)
	at a.dispose (/usr/lib/code/out/vs/workbench/api/node/extensionHostProcess.js:152:4270)
	at $ (/usr/lib/code/out/vs/workbench/api/node/extensionHostProcess.js:30:744)
	at /usr/lib/code/out/vs/workbench/api/node/extensionHostProcess.js:160:13379
	at /usr/lib/code/out/vs/workbench/api/node/extensionHostProcess.js:30:1112
	at Object.dispose (/usr/lib/code/out/vs/workbench/api/node/extensionHostProcess.js:11:11354)
	at m.eb (/usr/lib/code/out/vs/workbench/api/node/extensionHostProcess.js:160:10056)
	at /usr/lib/code/out/vs/workbench/api/node/extensionHostProcess.js:160:7927
	at Array.map (<anonymous>)
	at m.$ (/usr/lib/code/out/vs/workbench/api/node/extensionHostProcess.js:160:7914)
	at m.terminate (/usr/lib/code/out/vs/workbench/api/node/extensionHostProcess.js:160:8187)
	at $.terminate (/usr/lib/code/out/vs/workbench/api/node/extensionHostProcess.js:164:1513)
	at o (/usr/lib/code/out/vs/workbench/api/node/extensionHostProcess.js:177:10633)
	at MessagePortMain.<anonymous> (/usr/lib/code/out/vs/workbench/api/node/extensionHostProcess.js:177:6825)
	at MessagePortMain.emit (node:events:519:28)
	at MessagePortMain._internalPort.emit (node:electron/js2c/utility_init:2:2619) setContext undefined
2024-08-18 15:36:23.743 [info] Extension host with pid 9160 exiting with code 0
