2024-09-08 14:41:04.144 [info] [main] Log level: Info
2024-09-08 14:41:04.144 [info] [main] Validating found git in: "git"
2024-09-08 14:41:04.423 [info] [main] Using git "2.46.0" from "git"
2024-09-08 14:41:04.423 [info] [Model][doInitialScan] Initial repository scan started
2024-09-08 14:41:04.497 [info] > git rev-parse --show-toplevel [65ms]
2024-09-08 14:41:04.497 [info] fatal: not a git repository (or any of the parent directories): .git
2024-09-08 14:41:04.507 [info] > git rev-parse --show-toplevel [2ms]
2024-09-08 14:41:04.507 [info] fatal: not a git repository (or any of the parent directories): .git
2024-09-08 14:41:04.528 [info] > git rev-parse --show-toplevel [16ms]
2024-09-08 14:41:04.528 [info] fatal: not a git repository (or any of the parent directories): .git
2024-09-08 14:41:04.533 [info] > git rev-parse --show-toplevel [1ms]
2024-09-08 14:41:04.533 [info] fatal: not a git repository (or any of the parent directories): .git
2024-09-08 14:41:04.537 [info] > git rev-parse --show-toplevel [1ms]
2024-09-08 14:41:04.537 [info] fatal: not a git repository (or any of the parent directories): .git
2024-09-08 14:41:04.540 [info] > git rev-parse --show-toplevel [1ms]
2024-09-08 14:41:04.540 [info] fatal: not a git repository (or any of the parent directories): .git
2024-09-08 14:41:04.543 [info] > git rev-parse --show-toplevel [0ms]
2024-09-08 14:41:04.543 [info] fatal: not a git repository (or any of the parent directories): .git
2024-09-08 14:41:04.547 [info] > git rev-parse --show-toplevel [1ms]
2024-09-08 14:41:04.547 [info] fatal: not a git repository (or any of the parent directories): .git
2024-09-08 14:41:04.550 [info] > git rev-parse --show-toplevel [1ms]
2024-09-08 14:41:04.550 [info] fatal: not a git repository (or any of the parent directories): .git
2024-09-08 14:41:04.554 [info] > git rev-parse --show-toplevel [1ms]
2024-09-08 14:41:04.554 [info] fatal: not a git repository (or any of the parent directories): .git
2024-09-08 14:41:04.557 [info] > git rev-parse --show-toplevel [1ms]
2024-09-08 14:41:04.557 [info] fatal: not a git repository (or any of the parent directories): .git
2024-09-08 14:41:04.561 [info] > git rev-parse --show-toplevel [0ms]
2024-09-08 14:41:04.561 [info] fatal: not a git repository (or any of the parent directories): .git
2024-09-08 14:41:04.564 [info] > git rev-parse --show-toplevel [1ms]
2024-09-08 14:41:04.564 [info] fatal: not a git repository (or any of the parent directories): .git
2024-09-08 14:41:04.568 [info] > git rev-parse --show-toplevel [1ms]
2024-09-08 14:41:04.568 [info] fatal: not a git repository (or any of the parent directories): .git
2024-09-08 14:41:04.568 [info] [Model][doInitialScan] Initial repository scan completed - repositories (0), closed repositories (0), parent repositories (0), unsafe repositories (0)
2024-09-08 14:41:04.806 [info] > git rev-parse --show-toplevel [1ms]
2024-09-08 14:41:04.806 [info] fatal: not a git repository (or any of the parent directories): .git
2024-09-08 14:41:19.104 [info] [main] Log level: Info
2024-09-08 14:41:19.104 [info] [main] Validating found git in: "git"
2024-09-08 14:41:19.104 [info] [main] Using git "2.46.0" from "git"
2024-09-08 14:41:19.104 [info] [Model][doInitialScan] Initial repository scan started
2024-09-08 14:41:19.104 [info] > git rev-parse --show-toplevel [3ms]
2024-09-08 14:41:19.104 [info] fatal: not a git repository (or any of the parent directories): .git
2024-09-08 14:41:19.104 [info] [Model][doInitialScan] Initial repository scan completed - repositories (0), closed repositories (0), parent repositories (0), unsafe repositories (0)
2024-09-08 14:41:20.331 [info] > git rev-parse --show-toplevel [1ms]
2024-09-08 14:41:20.331 [info] fatal: not a git repository (or any of the parent directories): .git
2024-09-08 14:41:21.099 [info] > git rev-parse --show-toplevel [1ms]
2024-09-08 14:41:21.099 [info] fatal: not a git repository (or any of the parent directories): .git
2024-09-08 14:44:04.431 [info] > git rev-parse --show-toplevel [2ms]
2024-09-08 14:44:04.431 [info] fatal: not a git repository (or any of the parent directories): .git
2024-09-08 15:13:26.755 [info] > git rev-parse --show-toplevel [1ms]
2024-09-08 15:13:26.755 [info] fatal: not a git repository (or any of the parent directories): .git
2024-09-08 15:13:31.499 [info] > git rev-parse --show-toplevel [2ms]
2024-09-08 15:13:31.499 [info] fatal: not a git repository (or any of the parent directories): .git
2024-09-08 15:13:36.346 [info] > git rev-parse --show-toplevel [1ms]
2024-09-08 15:13:36.346 [info] fatal: not a git repository (or any of the parent directories): .git
2024-09-08 15:14:00.983 [info] > git rev-parse --show-toplevel [1ms]
2024-09-08 15:14:00.983 [info] fatal: not a git repository (or any of the parent directories): .git
2024-09-08 15:14:14.093 [info] > git rev-parse --show-toplevel [1ms]
2024-09-08 15:14:14.093 [info] fatal: not a git repository (or any of the parent directories): .git
2024-09-08 15:20:00.932 [info] [main] Log level: Info
2024-09-08 15:20:00.932 [info] [main] Validating found git in: "git"
2024-09-08 15:20:00.932 [info] [main] Using git "2.46.0" from "git"
2024-09-08 15:20:00.932 [info] [Model][doInitialScan] Initial repository scan started
2024-09-08 15:20:00.932 [info] > git rev-parse --show-toplevel [5ms]
2024-09-08 15:20:00.932 [info] fatal: not a git repository (or any of the parent directories): .git
2024-09-08 15:20:00.953 [info] > git rev-parse --show-toplevel [17ms]
2024-09-08 15:20:00.953 [info] fatal: not a git repository (or any of the parent directories): .git
2024-09-08 15:20:00.984 [info] > git rev-parse --show-toplevel [1ms]
2024-09-08 15:20:00.984 [info] fatal: not a git repository (or any of the parent directories): .git
2024-09-08 15:20:00.988 [info] > git rev-parse --show-toplevel [0ms]
2024-09-08 15:20:00.988 [info] fatal: not a git repository (or any of the parent directories): .git
2024-09-08 15:20:00.994 [info] > git rev-parse --show-toplevel [1ms]
2024-09-08 15:20:00.994 [info] fatal: not a git repository (or any of the parent directories): .git
2024-09-08 15:20:00.999 [info] > git rev-parse --show-toplevel [1ms]
2024-09-08 15:20:00.999 [info] fatal: not a git repository (or any of the parent directories): .git
2024-09-08 15:20:01.005 [info] > git rev-parse --show-toplevel [2ms]
2024-09-08 15:20:01.005 [info] fatal: not a git repository (or any of the parent directories): .git
2024-09-08 15:20:01.010 [info] > git rev-parse --show-toplevel [1ms]
2024-09-08 15:20:01.010 [info] fatal: not a git repository (or any of the parent directories): .git
2024-09-08 15:20:01.015 [info] > git rev-parse --show-toplevel [1ms]
2024-09-08 15:20:01.015 [info] fatal: not a git repository (or any of the parent directories): .git
2024-09-08 15:20:01.021 [info] > git rev-parse --show-toplevel [1ms]
2024-09-08 15:20:01.021 [info] fatal: not a git repository (or any of the parent directories): .git
2024-09-08 15:20:01.028 [info] > git rev-parse --show-toplevel [1ms]
2024-09-08 15:20:01.028 [info] fatal: not a git repository (or any of the parent directories): .git
2024-09-08 15:20:01.033 [info] > git rev-parse --show-toplevel [1ms]
2024-09-08 15:20:01.033 [info] fatal: not a git repository (or any of the parent directories): .git
2024-09-08 15:20:01.038 [info] > git rev-parse --show-toplevel [1ms]
2024-09-08 15:20:01.038 [info] fatal: not a git repository (or any of the parent directories): .git
2024-09-08 15:20:01.045 [info] > git rev-parse --show-toplevel [1ms]
2024-09-08 15:20:01.045 [info] fatal: not a git repository (or any of the parent directories): .git
2024-09-08 15:20:01.045 [info] [Model][doInitialScan] Initial repository scan completed - repositories (0), closed repositories (0), parent repositories (0), unsafe repositories (0)
2024-09-08 15:20:01.405 [info] > git rev-parse --show-toplevel [4ms]
2024-09-08 15:20:01.405 [info] fatal: not a git repository (or any of the parent directories): .git
2024-09-08 15:20:01.411 [info] > git rev-parse --show-toplevel [1ms]
2024-09-08 15:20:01.411 [info] fatal: not a git repository (or any of the parent directories): .git
2024-09-08 15:20:01.415 [info] > git rev-parse --show-toplevel [0ms]
2024-09-08 15:20:01.415 [info] fatal: not a git repository (or any of the parent directories): .git
2024-09-08 15:20:01.948 [info] > git rev-parse --show-toplevel [2ms]
2024-09-08 15:20:01.948 [info] fatal: not a git repository (or any of the parent directories): .git
2024-09-08 15:20:02.505 [info] > git rev-parse --show-toplevel [3ms]
2024-09-08 15:20:02.505 [info] fatal: not a git repository (or any of the parent directories): .git
2024-09-08 15:21:27.565 [info] > git rev-parse --show-toplevel [3ms]
2024-09-08 15:21:27.565 [info] fatal: not a git repository (or any of the parent directories): .git
